#

# There is insufficient memory for the Java Runtime Environment to continue.
# Native memory allocation (malloc) failed to allocate 1021776 bytes for Chunk::new
# Possible reasons:
#   The system is out of physical RAM or swap space
#   The process is running with CompressedOops enabled, and the Java Heap may be blocking the growth of the native heap
# Possible solutions:
#   Reduce memory load on the system
#   Increase physical memory or swap space
#   Check if swap backing store is full
#   Decrease Java heap size (-Xmx/-Xms)
#   Decrease number of Java threads
#   Decrease Java thread stack sizes (-Xss)
#   Set larger code cache with -XX:ReservedCodeCacheSize=
#   JVM is running with Unscaled Compressed Oops mode in which the Java heap is
#     placed in the first 4GB address space. The Java Heap base address is the
#     maximum limit for the native heap growth. Please use -XX:HeapBaseMinAddress
#     to set the Java Heap base and to place the Java Heap above 4GB virtual address.
# This output file may be truncated or incomplete.
#

#  Out of Memory Error (./src/hotspot/share/memory/arena.cpp:197), pid=18036, tid=20060
#

# JRE version: OpenJDK Runtime Environment (11.0.11+9) (build 11.0.11+9-b60-7590822)
# Java VM: OpenJDK 64-Bit Server VM (11.0.11+9-b60-7590822, mixed mode, tiered, compressed oops, g1 gc, windows-amd64)
# No core dump will be written. Minidumps are not enabled by default on client versions of Windows
#

---------------
S U
M M
A R
Y ------------

Command Line
: --add-
opens = java.base / java.util = ALL - UNNAMED--
add-
opens = java.base / java.lang = ALL - UNNAMED--
add-
opens = java.base / java.lang.invoke = ALL - UNNAMED--
add-
opens = java.base / java.util = ALL - UNNAMED--
add-
opens = java.prefs / java.util.prefs = ALL - UNNAMED--
add-
opens = java.prefs / java.util.prefs = ALL - UNNAMED--
add-
opens = java.base / java.nio.charset = ALL - UNNAMED--
add-
opens = java.base / java.net = ALL - UNNAMED--
add-
opens =
java.base / java.util.concurrent.atomic =
ALL - UNNAMED - Xmx2048m - Dfile.encoding =
UTF - 8 - Duser.country = RU - Duser.language = ru - Duser.variant
org.gradle.launcher.daemon.bootstrap.GradleDaemon 7.2

Host:
Intel(R)
Core(TM)
i5-10300H CPU @ 2.50GHz, 8 cores, 15G,  Windows 10 , 64
bit Build
22000 (10.0.22000.434)
Time:
Wed Mar
2 14:51:08 2022 ???????? ???? (????)
elapsed time
: 90.174896 seconds (0d 0h 1m 30s)

---------------
T H
R E
A D
---------------

Current thread(0x000001e92a79f000)
:  JavaThread "C2 CompilerThread0" daemon [_thread_in_native,
id = 20060, stack(0x0000004ccee00000, 0x0000004ccef00000)
]


Current CompileTask
:
C2:  90174 14141       4       org.gradle.internal.logging.sink.OutputEventTransformer::onOutput (399 bytes)

Stack: [0x0000004ccee00000,0x0000004ccef00000]
Native frames
: (
J = compiled
Java code, j = interpreted, Vv = VM
code,
C = native
code)
V  [jvm.dll+0x5f214a]
V  [jvm.dll+0x726fb5]
V  [jvm.dll+0x7285cd]
V  [jvm.dll+0x728c83]
V  [jvm.dll+0x243278]
V  [jvm.dll+0xbc53c]
V  [jvm.dll+0xbca3c]
V  [jvm.dll+0x2b5c34]
V  [jvm.dll+0x508488]
V  [jvm.dll+0x203d53]
V  [jvm.dll+0x1fdbac]
V  [jvm.dll+0x1fb35f]
V  [jvm.dll+0x183d6c]
V  [jvm.dll+0x209a57]
V  [jvm.dll+0x2082a1]
V  [jvm.dll+0x6ef58f]
V  [jvm.dll+0x6e80b5]
V  [jvm.dll+0x5f1036]
C  [ucrtbase.dll+0x26c0c]
C  [KERNEL32.DLL+0x154e0]
C  [ntdll.dll+0x485b]


---------------
P R
O C
E S
S  ---------------

Threads class SMR info
:
_java_thread_list = 0x000001e9361c0010, length = 52, elements = {
        0x000001e90fa3f800, 0x000001e929efe800, 0x000001e92a73c800, 0x000001e92a796800,
        0x000001e92a797800, 0x000001e92a798800, 0x000001e92a79f000, 0x000001e92a7a0800,
        0x000001e92a7ac000, 0x000001e92a909000, 0x000001e92c42e800, 0x000001e92bb22800,
        0x000001e92cd5e000, 0x000001e92d7ea800, 0x000001e92d7eb800, 0x000001e92d7e9000,
        0x000001e92d7ed000, 0x000001e92d7e7800, 0x000001e92d7db800, 0x000001e92d7d9000,
        0x000001e92d7d7800, 0x000001e92d7de800, 0x000001e92d7da000, 0x000001e931b7f800,
        0x000001e931b80800, 0x000001e931b81800, 0x000001e931d51000, 0x000001e931d52000,
        0x000001e931d4f800, 0x000001e931d56000, 0x000001e931d57800, 0x000001e9330a2000,
        0x000001e9330a6800, 0x000001e9330a1000, 0x000001e9330a8800, 0x000001e935b81800,
        0x000001e935b80000, 0x000001e935b7d800, 0x000001e935b82000, 0x000001e935b7f000,
        0x000001e935b7e000, 0x000001e935b80800, 0x000001e935b7c800, 0x000001e935b88800,
        0x000001e935b83000, 0x000001e93239d800, 0x000001e935f16800, 0x000001e935b89800,
        0x000001e935b84000, 0x000001e935b88000, 0x000001e935b8a800, 0x000001e935b84800
}

Java Threads
: ( =>
current thread
)
0x000001e90fa3f800 JavaThread "main" [_thread_blocked,
id = 4504, stack(0x0000004cce200000, 0x0000004cce300000)
]
0x000001e929efe800 JavaThread "Reference Handler" daemon [_thread_blocked,
id = 1544, stack(0x0000004cce900000, 0x0000004ccea00000)
]
0x000001e92a73c800 JavaThread "Finalizer" daemon [_thread_blocked,
id = 19560, stack(0x0000004ccea00000, 0x0000004cceb00000)
]
0x000001e92a796800 JavaThread "Signal Dispatcher" daemon [_thread_blocked,
id = 13124, stack(0x0000004cceb00000, 0x0000004ccec00000)
]
0x000001e92a797800 JavaThread "Attach Listener" daemon [_thread_blocked,
id = 13076, stack(0x0000004ccec00000, 0x0000004cced00000)
]
0x000001e92a798800 JavaThread "Service Thread" daemon [_thread_blocked,
id = 5756, stack(0x0000004cced00000, 0x0000004ccee00000)
]
=>0x000001e92a79f000 JavaThread "C2 CompilerThread0" daemon [_thread_in_native,
id = 20060, stack(0x0000004ccee00000, 0x0000004ccef00000)
]
0x000001e92a7a0800 JavaThread "C1 CompilerThread0" daemon [_thread_in_native,
id = 10428, stack(0x0000004ccef00000, 0x0000004ccf000000)
]
0x000001e92a7ac000 JavaThread "Sweeper thread" daemon [_thread_blocked,
id = 6464, stack(0x0000004ccf000000, 0x0000004ccf100000)
]
0x000001e92a909000 JavaThread "Common-Cleaner" daemon [_thread_blocked,
id = 16972, stack(0x0000004ccf100000, 0x0000004ccf200000)
]
0x000001e92c42e800 JavaThread "Daemon health stats" [_thread_blocked,
id = 11004, stack(0x0000004ccfa00000, 0x0000004ccfb00000)
]
0x000001e92bb22800 JavaThread "Incoming local TCP Connector on port 51673" [_thread_in_native,
id = 2332, stack(0x0000004ccf900000, 0x0000004ccfa00000)
]
0x000001e92cd5e000 JavaThread "Daemon periodic checks" [_thread_blocked,
id = 8036, stack(0x0000004ccfb00000, 0x0000004ccfc00000)
]
0x000001e92d7ea800 JavaThread "Cache worker for journal cache (C:\Users\Acer\.gradle\caches\journal-1)" [_thread_blocked,
id = 1552, stack(0x0000004cd0300000, 0x0000004cd0400000)
]
0x000001e92d7eb800 JavaThread "File lock request listener" [_thread_in_native,
id = 8072, stack(0x0000004cd0400000, 0x0000004cd0500000)
]
0x000001e92d7e9000 JavaThread "Cache worker for file hash cache (C:\Users\Acer\.gradle\caches\7.2\fileHashes)" [_thread_blocked,
id = 2976, stack(0x0000004cd0500000, 0x0000004cd0600000)
]
0x000001e92d7ed000 JavaThread "File watcher server" daemon [_thread_in_native,
id = 19728, stack(0x0000004cd0a00000, 0x0000004cd0b00000)
]
0x000001e92d7e7800 JavaThread "File watcher consumer" daemon [_thread_blocked,
id = 6184, stack(0x0000004cd0b00000, 0x0000004cd0c00000)
]
0x000001e92d7db800 JavaThread "Cache worker for execution history cache (C:\Users\Acer\.gradle\caches\7.2\executionHistory)" [_thread_blocked,
id = 14496, stack(0x0000004cd0f00000, 0x0000004cd1000000)
]
0x000001e92d7d9000 JavaThread "jar transforms" [_thread_blocked,
id = 9224, stack(0x0000004cd1100000, 0x0000004cd1200000)
]
0x000001e92d7d7800 JavaThread "Cache worker for file content cache (C:\Users\Acer\.gradle\caches\7.2\fileContent)" [_thread_blocked,
id = 2260, stack(0x0000004cd1200000, 0x0000004cd1300000)
]
0x000001e92d7de800 JavaThread "jar transforms Thread 2" [_thread_blocked,
id = 10156, stack(0x0000004cd1300000, 0x0000004cd1400000)
]
0x000001e92d7da000 JavaThread "jar transforms Thread 3" [_thread_blocked,
id = 14292, stack(0x0000004cd1500000, 0x0000004cd1600000)
]
0x000001e931b7f800 JavaThread "jar transforms Thread 4" [_thread_blocked,
id = 5180, stack(0x0000004cd6700000, 0x0000004cd6800000)
]
0x000001e931b80800 JavaThread "jar transforms Thread 5" [_thread_blocked,
id = 5616, stack(0x0000004cd6800000, 0x0000004cd6900000)
]
0x000001e931b81800 JavaThread "jar transforms Thread 6" [_thread_blocked,
id = 13340, stack(0x0000004cd6900000, 0x0000004cd6a00000)
]
0x000001e931d51000 JavaThread "jar transforms Thread 7" [_thread_blocked,
id = 7116, stack(0x0000004cd6a00000, 0x0000004cd6b00000)
]
0x000001e931d52000 JavaThread "jar transforms Thread 8" [_thread_blocked,
id = 12240, stack(0x0000004cd6b00000, 0x0000004cd6c00000)
]
0x000001e931d4f800 JavaThread "Memory manager" [_thread_blocked,
id = 17904, stack(0x0000004cd6c00000, 0x0000004cd6d00000)
]
0x000001e931d56000 JavaThread "pool-3-thread-1" [_thread_blocked,
id = 11896, stack(0x0000004cd6e00000, 0x0000004cd6f00000)
]
0x000001e931d57800 JavaThread "Cache worker for Java compile cache (C:\Users\Acer\.gradle\caches\7.2\javaCompile)" [_thread_blocked,
id = 11948, stack(0x0000004cd7800000, 0x0000004cd7900000)
]
0x000001e9330a2000 JavaThread "ForkJoinPool.commonPool-worker-3" daemon [_thread_blocked,
id = 19000, stack(0x0000004cd8a00000, 0x0000004cd8b00000)
]
0x000001e9330a6800 JavaThread "ForkJoinPool.commonPool-worker-5" daemon [_thread_blocked,
id = 18120, stack(0x0000004cd8b00000, 0x0000004cd8c00000)
]
0x000001e9330a1000 JavaThread "ForkJoinPool.commonPool-worker-7" daemon [_thread_blocked,
id = 16064, stack(0x0000004cd8c00000, 0x0000004cd8d00000)
]
0x000001e9330a8800 JavaThread "ForkJoinPool.commonPool-worker-11" daemon [_thread_blocked,
id = 4116, stack(0x0000004cd8e00000, 0x0000004cd8f00000)
]
0x000001e935b81800 JavaThread "ForkJoinPool.commonPool-worker-13" daemon [_thread_blocked,
id = 12476, stack(0x0000004cd8f00000, 0x0000004cd9000000)
]
0x000001e935b80000 JavaThread "ForkJoinPool.commonPool-worker-15" daemon [_thread_blocked,
id = 12580, stack(0x0000004cd9000000, 0x0000004cd9100000)
]
0x000001e935b7d800 JavaThread "Daemon Thread 2" [_thread_blocked,
id = 14456, stack(0x0000004ccdf00000, 0x0000004cce000000)
]
0x000001e935b82000 JavaThread "Handler for socket connection from /127.0.0.1:51673 to /127.0.0.1:51754" [_thread_in_native,
id = 18288, stack(0x0000004cce000000, 0x0000004cce100000)
]
0x000001e935b7f000 JavaThread "Cancel handler" [_thread_blocked,
id = 18228, stack(0x0000004cce100000, 0x0000004cce200000)
]
0x000001e935b7e000 JavaThread "Daemon worker Thread 2" [_thread_in_Java,
id = 18268, stack(0x0000004ccfc00000, 0x0000004ccfd00000)
]
0x000001e935b80800 JavaThread "Asynchronous log dispatcher for DefaultDaemonConnection: socket connection from /127.0.0.1:51673 to /127.0.0.1:51754" [_thread_blocked,
id = 17696, stack(0x0000004ccfe00000, 0x0000004ccff00000)
]
0x000001e935b7c800 JavaThread "Stdin handler" [_thread_blocked,
id = 6880, stack(0x0000004ccff00000, 0x0000004cd0000000)
]
0x000001e935b88800 JavaThread "Daemon client event forwarder" [_thread_blocked,
id = 3240, stack(0x0000004cd0000000, 0x0000004cd0100000)
]
0x000001e935b83000 JavaThread "Cache worker for file hash cache (D:\AndroidProject\Tasbeh\.gradle\7.2\fileHashes)" [_thread_blocked,
id = 17980, stack(0x0000004cd0100000, 0x0000004cd0200000)
]
0x000001e93239d800 JavaThread "C2 CompilerThread1" daemon [_thread_in_native,
id = 11768, stack(0x0000004cd0200000, 0x0000004cd0300000)
]
0x000001e935f16800 JavaThread "C2 CompilerThread2" daemon [_thread_in_native,
id = 3392, stack(0x0000004cd0900000, 0x0000004cd0a00000)
]
0x000001e935b89800 JavaThread "Cache worker for checksums cache (D:\AndroidProject\Tasbeh\.gradle\checksums)" [_thread_blocked,
id = 5184, stack(0x0000004cd0c00000, 0x0000004cd0d00000)
]
0x000001e935b84000 JavaThread "Cache worker for cache directory md-supplier (C:\Users\Acer\.gradle\caches\7.2\md-supplier)" [_thread_blocked,
id = 9780, stack(0x0000004cd0d00000, 0x0000004cd0e00000)
]
0x000001e935b88000 JavaThread "Cache worker for cache directory md-rule (C:\Users\Acer\.gradle\caches\7.2\md-rule)" [_thread_blocked,
id = 6156, stack(0x0000004cd0e00000, 0x0000004cd0f00000)
]
0x000001e935b8a800 JavaThread "Cache worker for dependencies-accessors (D:\AndroidProject\Tasbeh\.gradle\7.2\dependencies-accessors)" [_thread_blocked,
id = 3536, stack(0x0000004cd1000000, 0x0000004cd1100000)
]
0x000001e935b84800 JavaThread "Cache worker for Build Output Cleanup Cache (D:\AndroidProject\Tasbeh\.gradle\buildOutputCleanup)" [_thread_blocked,
id = 996, stack(0x0000004cd1400000, 0x0000004cd1500000)
]

Other Threads
:
0x000001e929efc800 VMThread "VM Thread" [stack: 0x0000004cce800000,0x0000004cce900000] [
id = 8244
]
0x000001e92a92b800 WatcherThread [stack: 0x0000004ccf200000,0x0000004ccf300000] [
id = 13452
]
0x000001e90fa55800 GCTaskThread "GC Thread#0" [stack: 0x0000004cce300000,0x0000004cce400000] [
id = 12224
]
0x000001e92b350800 GCTaskThread "GC Thread#1" [stack: 0x0000004ccf400000,0x0000004ccf500000] [
id = 20324
]
0x000001e92b49c800 GCTaskThread "GC Thread#2" [stack: 0x0000004ccf500000,0x0000004ccf600000] [
id = 5080
]
0x000001e92b49d000 GCTaskThread "GC Thread#3" [stack: 0x0000004ccf600000,0x0000004ccf700000] [
id = 17752
]
0x000001e92b794800 GCTaskThread "GC Thread#4" [stack: 0x0000004ccf700000,0x0000004ccf800000] [
id = 15964
]
0x000001e92b795800 GCTaskThread "GC Thread#5" [stack: 0x0000004ccf800000,0x0000004ccf900000] [
id = 11636
]
0x000001e92c2b1800 GCTaskThread "GC Thread#6" [stack: 0x0000004cd0600000,0x0000004cd0700000] [
id = 9828
]
0x000001e92d7e6800 GCTaskThread "GC Thread#7" [stack: 0x0000004cd0700000,0x0000004cd0800000] [
id = 1504
]
0x000001e90fa8c800 ConcurrentGCThread "G1 Main Marker" [stack: 0x0000004cce400000,0x0000004cce500000] [
id = 10332
]
0x000001e90fa8d800 ConcurrentGCThread "G1 Conc#0" [stack: 0x0000004cce500000,0x0000004cce600000] [
id = 6540
]
0x000001e92b6a0000 ConcurrentGCThread "G1 Conc#1" [stack: 0x0000004cd0800000,0x0000004cd0900000] [
id = 19736
]
0x000001e90fb1e000 ConcurrentGCThread "G1 Refine#0" [stack: 0x0000004cce600000,0x0000004cce700000] [
id = 7336
]
0x000001e929d7e800 ConcurrentGCThread "G1 Young RemSet Sampling" [stack: 0x0000004cce700000,0x0000004cce800000] [
id = 18308
]

Threads with
active compile
tasks:
C2 CompilerThread0
90189 14141       4       org.gradle.internal.logging.sink.OutputEventTransformer::onOutput (399 bytes)
C2 CompilerThread1
90189 14164       4       org.gradle.internal.service.DefaultServiceRegistry$SingletonService::get (5 bytes)
C2 CompilerThread2
90189 14165   !   4       org.gradle.internal.service.DefaultServiceRegistry$ManagedObjectServiceProvider::getInstance (47 bytes)

VM state
:not

at safepoint(normal execution)

VM Mutex
/
Monitor currently
owned by
a thread
:
None

        Heap
address: 0x0000000080000000, size: 2048 MB,
Compressed Oops
mode: 32-
bit
        Narrow
klass base
: 0x0000000000000000,
Narrow klass
shift: 3
Compressed class space size
: 1073741824 Address: 0x0000000100000000

Heap:
garbage-
first heap
total 260096K, used 171064K [0x0000000080000000, 0x0000000100000000)
region size
1024K, 82 young (83968K), 4 survivors (4096K)
Metaspace used
116175K, capacity 120031K, committed 120140K, reserved 1153024K

class space used

15342K, capacity 16935K, committed 17024K, reserved 1048576K
Heap Regions
:
E = young(eden), S = young(survivor), O = old, HS = humongous(starts), HC = humongous(
        continues), CS = collection
set,
F = free, A = archive, TAMS = top - at - mark - start(previous, next)
                              | 0 | 0x0000000080000000,
0x0000000080100000, 0x0000000080100000|100%| O|  |TAMS 0x0000000080100000, 0x0000000080000000| Untracked
|   1|0x0000000080100000, 0x0000000080200000, 0x0000000080200000|100%| O|  |TAMS 0x0000000080200000, 0x0000000080100000| Untracked
|   2|0x0000000080200000, 0x0000000080300000, 0x0000000080300000|100%| O|  |TAMS 0x0000000080300000, 0x0000000080200000| Untracked
|   3|0x0000000080300000, 0x0000000080400000, 0x0000000080400000|100%|HS|  |TAMS 0x0000000080400000, 0x0000000080300000| Complete
|   4|0x0000000080400000, 0x0000000080500000, 0x0000000080500000|100%|HC|  |TAMS 0x0000000080500000, 0x0000000080400000| Complete
|   5|0x0000000080500000, 0x0000000080600000, 0x0000000080600000|100%|HC|  |TAMS 0x0000000080600000, 0x0000000080500000| Complete
|   6|0x0000000080600000, 0x0000000080700000, 0x0000000080700000|100%| O|  |TAMS 0x0000000080700000, 0x0000000080600000| Untracked
|   7|0x0000000080700000, 0x0000000080800000, 0x0000000080800000|100%| O|  |TAMS 0x0000000080800000, 0x0000000080700000| Untracked
|   8|0x0000000080800000, 0x0000000080900000, 0x0000000080900000|100%| O|  |TAMS 0x0000000080900000, 0x0000000080800000| Untracked
|   9|0x0000000080900000, 0x0000000080a00000, 0x0000000080a00000|100%| O|  |TAMS 0x0000000080a00000, 0x0000000080900000| Untracked
|  10|0x0000000080a00000, 0x0000000080b00000, 0x0000000080b00000|100%| O|  |TAMS 0x0000000080b00000, 0x0000000080a00000| Untracked
|  11|0x0000000080b00000, 0x0000000080c00000, 0x0000000080c00000|100%| O|  |TAMS 0x0000000080c00000, 0x0000000080b00000| Untracked
|  12|0x0000000080c00000, 0x0000000080d00000, 0x0000000080d00000|100%| O|  |TAMS 0x0000000080d00000, 0x0000000080c00000| Untracked
|  13|0x0000000080d00000, 0x0000000080e00000, 0x0000000080e00000|100%| O|  |TAMS 0x0000000080e00000, 0x0000000080d00000| Untracked
|  14|0x0000000080e00000, 0x0000000080f00000, 0x0000000080f00000|100%| O|  |TAMS 0x0000000080f00000, 0x0000000080e00000| Untracked
|  15|0x0000000080f00000, 0x0000000081000000, 0x0000000081000000|100%| O|  |TAMS 0x0000000081000000, 0x0000000080f00000| Untracked
|  16|0x0000000081000000, 0x0000000081100000, 0x0000000081100000|100%|HS|  |TAMS 0x0000000081100000, 0x0000000081000000| Complete
|  17|0x0000000081100000, 0x0000000081200000, 0x0000000081200000|100%|HS|  |TAMS 0x0000000081200000, 0x0000000081100000| Complete
|  18|0x0000000081200000, 0x0000000081300000, 0x0000000081300000|100%|HS|  |TAMS 0x0000000081300000, 0x0000000081200000| Complete
|  19|0x0000000081300000, 0x0000000081400000, 0x0000000081400000|100%|HS|  |TAMS 0x0000000081400000, 0x0000000081300000| Complete
|  20|0x0000000081400000, 0x0000000081500000, 0x0000000081500000|100%|HC|  |TAMS 0x0000000081500000, 0x0000000081400000| Complete
|  21|0x0000000081500000, 0x0000000081600000, 0x0000000081600000|100%| O|  |TAMS 0x0000000081600000, 0x0000000081500000| Untracked
|  22|0x0000000081600000, 0x0000000081700000, 0x0000000081700000|100%| O|  |TAMS 0x0000000081700000, 0x0000000081600000| Untracked
|  23|0x0000000081700000, 0x0000000081800000, 0x0000000081800000|100%| O|  |TAMS 0x0000000081800000, 0x0000000081700000| Untracked
|  24|0x0000000081800000, 0x0000000081900000, 0x0000000081900000|100%| O|  |TAMS 0x0000000081900000, 0x0000000081800000| Untracked
|  25|0x0000000081900000, 0x0000000081a00000, 0x0000000081a00000|100%| O|  |TAMS 0x0000000081a00000, 0x0000000081900000| Untracked
|  26|0x0000000081a00000, 0x0000000081b00000, 0x0000000081b00000|100%| O|  |TAMS 0x0000000081b00000, 0x0000000081a00000| Untracked
|  27|0x0000000081b00000, 0x0000000081c00000, 0x0000000081c00000|100%| O|  |TAMS 0x0000000081c00000, 0x0000000081b00000| Untracked
|  28|0x0000000081c00000, 0x0000000081d00000, 0x0000000081d00000|100%| O|  |TAMS 0x0000000081d00000, 0x0000000081c00000| Untracked
|  29|0x0000000081d00000, 0x0000000081e00000, 0x0000000081e00000|100%| O|  |TAMS 0x0000000081e00000, 0x0000000081d00000| Untracked
|  30|0x0000000081e00000, 0x0000000081f00000, 0x0000000081f00000|100%| O|  |TAMS 0x0000000081f00000, 0x0000000081e00000| Untracked
|  31|0x0000000081f00000, 0x0000000082000000, 0x0000000082000000|100%| O|  |TAMS 0x0000000082000000, 0x0000000081f00000| Untracked
|  32|0x0000000082000000, 0x0000000082100000, 0x0000000082100000|100%| O|  |TAMS 0x0000000082100000, 0x0000000082000000| Untracked
|  33|0x0000000082100000, 0x0000000082200000, 0x0000000082200000|100%| O|  |TAMS 0x0000000082200000, 0x0000000082100000| Untracked
|  34|0x0000000082200000, 0x0000000082300000, 0x0000000082300000|100%| O|  |TAMS 0x0000000082300000, 0x0000000082200000| Untracked
|  35|0x0000000082300000, 0x0000000082400000, 0x0000000082400000|100%| O|  |TAMS 0x0000000082400000, 0x0000000082300000| Untracked
|  36|0x0000000082400000, 0x0000000082500000, 0x0000000082500000|100%| O|  |TAMS 0x0000000082500000, 0x0000000082400000| Untracked
|  37|0x0000000082500000, 0x0000000082600000, 0x0000000082600000|100%| O|  |TAMS 0x0000000082600000, 0x0000000082500000| Untracked
|  38|0x0000000082600000, 0x0000000082700000, 0x0000000082700000|100%| O|  |TAMS 0x0000000082700000, 0x0000000082600000| Untracked
|  39|0x0000000082700000, 0x0000000082800000, 0x0000000082800000|100%| O|  |TAMS 0x0000000082800000, 0x0000000082700000| Untracked
|  40|0x0000000082800000, 0x0000000082900000, 0x0000000082900000|100%| O|  |TAMS 0x0000000082900000, 0x0000000082800000| Untracked
|  41|0x0000000082900000, 0x0000000082a00000, 0x0000000082a00000|100%| O|  |TAMS 0x0000000082a00000, 0x0000000082900000| Untracked
|  42|0x0000000082a00000, 0x0000000082b00000, 0x0000000082b00000|100%| O|  |TAMS 0x0000000082b00000, 0x0000000082a00000| Untracked
|  43|0x0000000082b00000, 0x0000000082c00000, 0x0000000082c00000|100%| O|  |TAMS 0x0000000082b49a00, 0x0000000082b00000| Untracked
|  44|0x0000000082c00000, 0x0000000082d00000, 0x0000000082d00000|100%| O|  |TAMS 0x0000000082c00000, 0x0000000082c00000| Untracked
|  45|0x0000000082d00000, 0x0000000082e00000, 0x0000000082e00000|100%| O|  |TAMS 0x0000000082d00000, 0x0000000082d00000| Untracked
|  46|0x0000000082e00000, 0x0000000082f00000, 0x0000000082f00000|100%| O|  |TAMS 0x0000000082e00000, 0x0000000082e00000| Untracked
|  47|0x0000000082f00000, 0x0000000083000000, 0x0000000083000000|100%| O|  |TAMS 0x0000000082f00000, 0x0000000082f00000| Untracked
|  48|0x0000000083000000, 0x0000000083100000, 0x0000000083100000|100%| O|  |TAMS 0x0000000083000000, 0x0000000083000000| Untracked
|  49|0x0000000083100000, 0x0000000083200000, 0x0000000083200000|100%| O|  |TAMS 0x0000000083100000, 0x0000000083100000| Untracked
|  50|0x0000000083200000, 0x0000000083300000, 0x0000000083300000|100%| O|  |TAMS 0x0000000083200000, 0x0000000083200000| Untracked
|  51|0x0000000083300000, 0x0000000083400000, 0x0000000083400000|100%| O|  |TAMS 0x0000000083300000, 0x0000000083300000| Untracked
|  52|0x0000000083400000, 0x0000000083500000, 0x0000000083500000|100%| O|  |TAMS 0x0000000083400000, 0x0000000083400000| Untracked
|  53|0x0000000083500000, 0x0000000083600000, 0x0000000083600000|100%| O|  |TAMS 0x0000000083500000, 0x0000000083500000| Untracked
|  54|0x0000000083600000, 0x0000000083700000, 0x0000000083700000|100%| O|  |TAMS 0x0000000083600000, 0x0000000083600000| Untracked
|  55|0x0000000083700000, 0x0000000083800000, 0x0000000083800000|100%| O|  |TAMS 0x0000000083700000, 0x0000000083700000| Untracked
|  56|0x0000000083800000, 0x0000000083900000, 0x0000000083900000|100%| O|  |TAMS 0x0000000083800000, 0x0000000083800000| Untracked
|  57|0x0000000083900000, 0x0000000083a00000, 0x0000000083a00000|100%| O|  |TAMS 0x0000000083900000, 0x0000000083900000| Untracked
|  58|0x0000000083a00000, 0x0000000083b00000, 0x0000000083b00000|100%| O|  |TAMS 0x0000000083a00000, 0x0000000083a00000| Untracked
|  59|0x0000000083b00000, 0x0000000083c00000, 0x0000000083c00000|100%| O|  |TAMS 0x0000000083b00000, 0x0000000083b00000| Untracked
|  60|0x0000000083c00000, 0x0000000083d00000, 0x0000000083d00000|100%| O|  |TAMS 0x0000000083c00000, 0x0000000083c00000| Untracked
|  61|0x0000000083d00000, 0x0000000083e00000, 0x0000000083e00000|100%| O|  |TAMS 0x0000000083d00000, 0x0000000083d00000| Untracked
|  62|0x0000000083e00000, 0x0000000083f00000, 0x0000000083f00000|100%| O|  |TAMS 0x0000000083e00000, 0x0000000083e00000| Untracked
|  63|0x0000000083f00000, 0x0000000084000000, 0x0000000084000000|100%| O|  |TAMS 0x0000000083f00000, 0x0000000083f00000| Untracked
|  64|0x0000000084000000, 0x0000000084100000, 0x0000000084100000|100%| O|  |TAMS 0x0000000084000000, 0x0000000084000000| Untracked
|  65|0x0000000084100000, 0x0000000084200000, 0x0000000084200000|100%| O|  |TAMS 0x0000000084100000, 0x0000000084100000| Untracked
|  66|0x0000000084200000, 0x0000000084300000, 0x0000000084300000|100%|HS|  |TAMS 0x0000000084200000, 0x0000000084200000| Complete
|  67|0x0000000084300000, 0x0000000084400000, 0x0000000084400000|100%|HC|  |TAMS 0x0000000084300000, 0x0000000084300000| Complete
|  68|0x0000000084400000, 0x0000000084500000, 0x0000000084500000|100%|HS|  |TAMS 0x0000000084400000, 0x0000000084400000| Complete
|  69|0x0000000084500000, 0x0000000084600000, 0x0000000084600000|100%| O|  |TAMS 0x0000000084500000, 0x0000000084500000| Untracked
|  70|0x0000000084600000, 0x0000000084700000, 0x0000000084700000|100%| O|  |TAMS 0x0000000084600000, 0x0000000084600000| Untracked
|  71|0x0000000084700000, 0x0000000084800000, 0x0000000084800000|100%| O|  |TAMS 0x0000000084700000, 0x0000000084700000| Untracked
|  72|0x0000000084800000, 0x0000000084900000, 0x0000000084900000|100%| O|  |TAMS 0x0000000084800000, 0x0000000084800000| Untracked
|  73|0x0000000084900000, 0x0000000084a00000, 0x0000000084a00000|100%| O|  |TAMS 0x0000000084900000, 0x0000000084900000| Untracked
|  74|0x0000000084a00000, 0x0000000084b00000, 0x0000000084b00000|100%| O|  |TAMS 0x0000000084a00000, 0x0000000084a00000| Untracked
|  75|0x0000000084b00000, 0x0000000084c00000, 0x0000000084c00000|100%| O|  |TAMS 0x0000000084b00000, 0x0000000084b00000| Untracked
|  76|0x0000000084c00000, 0x0000000084d00000, 0x0000000084d00000|100%| O|  |TAMS 0x0000000084c00000, 0x0000000084c00000| Untracked
|  77|0x0000000084d00000, 0x0000000084e00000, 0x0000000084e00000|100%| O|  |TAMS 0x0000000084d00000, 0x0000000084d00000| Untracked
|  78|0x0000000084e00000, 0x0000000084f00000, 0x0000000084f00000|100%| O|  |TAMS 0x0000000084e00000, 0x0000000084e00000| Untracked
|  79|0x0000000084f00000, 0x0000000085000000, 0x0000000085000000|100%| O|  |TAMS 0x0000000084f00000, 0x0000000084f00000| Untracked
|  80|0x0000000085000000, 0x0000000085100000, 0x0000000085100000|100%| O|  |TAMS 0x0000000085000000, 0x0000000085000000| Untracked
|  81|0x0000000085100000, 0x000000008519d200, 0x0000000085200000| 61%| O|  |TAMS 0x0000000085100000, 0x0000000085100000| Untracked
|  82|0x0000000085200000, 0x0000000085300000, 0x0000000085300000|100%|HS|  |TAMS 0x0000000085200000, 0x0000000085200000| Complete
|  83|0x0000000085300000, 0x0000000085400000, 0x0000000085400000|100%|HC|  |TAMS 0x0000000085300000, 0x0000000085300000| Complete
|  84|0x0000000085400000, 0x0000000085500000, 0x0000000085500000|100%|HS|  |TAMS 0x0000000085400000, 0x0000000085400000| Complete
|  85|0x0000000085500000, 0x0000000085600000, 0x0000000085600000|100%|HC|  |TAMS 0x0000000085500000, 0x0000000085500000| Complete
|  86|0x0000000085600000, 0x0000000085700000, 0x0000000085700000|100%|HS|  |TAMS 0x0000000085600000, 0x0000000085600000| Complete
|  87|0x0000000085700000, 0x0000000085800000, 0x0000000085800000|100%|HC|  |TAMS 0x0000000085700000, 0x0000000085700000| Complete
|  88|0x0000000085800000, 0x0000000085800000, 0x0000000085900000|  0%| F|  |TAMS 0x0000000085800000, 0x0000000085800000| Untracked
|  89|0x0000000085900000, 0x0000000085900000, 0x0000000085a00000|  0%| F|  |TAMS 0x0000000085900000, 0x0000000085900000| Untracked
|  90|0x0000000085a00000, 0x0000000085a00000, 0x0000000085b00000|  0%| F|  |TAMS 0x0000000085a00000, 0x0000000085a00000| Untracked
|  91|0x0000000085b00000, 0x0000000085b00000, 0x0000000085c00000|  0%| F|  |TAMS 0x0000000085b00000, 0x0000000085b00000| Untracked
|  92|0x0000000085c00000, 0x0000000085c00000, 0x0000000085d00000|  0%| F|  |TAMS 0x0000000085c00000, 0x0000000085c00000| Untracked
|  93|0x0000000085d00000, 0x0000000085d00000, 0x0000000085e00000|  0%| F|  |TAMS 0x0000000085d00000, 0x0000000085d00000| Untracked
|  94|0x0000000085e00000, 0x0000000085e00000, 0x0000000085f00000|  0%| F|  |TAMS 0x0000000085e00000, 0x0000000085e00000| Untracked
|  95|0x0000000085f00000, 0x0000000085f00000, 0x0000000086000000|  0%| F|  |TAMS 0x0000000085f00000, 0x0000000085f00000| Untracked
|  96|0x0000000086000000, 0x0000000086000000, 0x0000000086100000|  0%| F|  |TAMS 0x0000000086000000, 0x0000000086000000| Untracked
|  97|0x0000000086100000, 0x0000000086100000, 0x0000000086200000|  0%| F|  |TAMS 0x0000000086100000, 0x0000000086100000| Untracked
|  98|0x0000000086200000, 0x0000000086200000, 0x0000000086300000|  0%| F|  |TAMS 0x0000000086200000, 0x0000000086200000| Untracked
|  99|0x0000000086300000, 0x0000000086300000, 0x0000000086400000|  0%| F|  |TAMS 0x0000000086300000, 0x0000000086300000| Untracked
| 100|0x0000000086400000, 0x0000000086400000, 0x0000000086500000|  0%| F|  |TAMS 0x0000000086400000, 0x0000000086400000| Untracked
| 101|0x0000000086500000, 0x0000000086500000, 0x0000000086600000|  0%| F|  |TAMS 0x0000000086500000, 0x0000000086500000| Untracked
| 102|0x0000000086600000, 0x0000000086600000, 0x0000000086700000|  0%| F|  |TAMS 0x0000000086600000, 0x0000000086600000| Untracked
| 103|0x0000000086700000, 0x0000000086700000, 0x0000000086800000|  0%| F|  |TAMS 0x0000000086700000, 0x0000000086700000| Untracked
| 104|0x0000000086800000, 0x0000000086800000, 0x0000000086900000|  0%| F|  |TAMS 0x0000000086800000, 0x0000000086800000| Untracked
| 105|0x0000000086900000, 0x0000000086900000, 0x0000000086a00000|  0%| F|  |TAMS 0x0000000086900000, 0x0000000086900000| Untracked
| 106|0x0000000086a00000, 0x0000000086a00000, 0x0000000086b00000|  0%| F|  |TAMS 0x0000000086a00000, 0x0000000086a00000| Untracked
| 107|0x0000000086b00000, 0x0000000086b00000, 0x0000000086c00000|  0%| F|  |TAMS 0x0000000086b00000, 0x0000000086b00000| Untracked
| 108|0x0000000086c00000, 0x0000000086c00000, 0x0000000086d00000|  0%| F|  |TAMS 0x0000000086c00000, 0x0000000086c00000| Untracked
| 109|0x0000000086d00000, 0x0000000086d00000, 0x0000000086e00000|  0%| F|  |TAMS 0x0000000086d00000, 0x0000000086d00000| Untracked
| 110|0x0000000086e00000, 0x0000000086e00000, 0x0000000086f00000|  0%| F|  |TAMS 0x0000000086e00000, 0x0000000086e00000| Untracked
| 111|0x0000000086f00000, 0x0000000086f00000, 0x0000000087000000|  0%| F|  |TAMS 0x0000000086f00000, 0x0000000086f00000| Untracked
| 112|0x0000000087000000, 0x0000000087000000, 0x0000000087100000|  0%| F|  |TAMS 0x0000000087000000, 0x0000000087000000| Untracked
| 113|0x0000000087100000, 0x0000000087100000, 0x0000000087200000|  0%| F|  |TAMS 0x0000000087100000, 0x0000000087100000| Untracked
| 114|0x0000000087200000, 0x0000000087200000, 0x0000000087300000|  0%| F|  |TAMS 0x0000000087200000, 0x0000000087200000| Untracked
| 115|0x0000000087300000, 0x0000000087300000, 0x0000000087400000|  0%| F|  |TAMS 0x0000000087300000, 0x0000000087300000| Untracked
| 116|0x0000000087400000, 0x0000000087400000, 0x0000000087500000|  0%| F|  |TAMS 0x0000000087400000, 0x0000000087400000| Untracked
| 117|0x0000000087500000, 0x0000000087500000, 0x0000000087600000|  0%| F|  |TAMS 0x0000000087500000, 0x0000000087500000| Untracked
| 118|0x0000000087600000, 0x0000000087600000, 0x0000000087700000|  0%| F|  |TAMS 0x0000000087600000, 0x0000000087600000| Untracked
| 119|0x0000000087700000, 0x0000000087700000, 0x0000000087800000|  0%| F|  |TAMS 0x0000000087700000, 0x0000000087700000| Untracked
| 120|0x0000000087800000, 0x0000000087800000, 0x0000000087900000|  0%| F|  |TAMS 0x0000000087800000, 0x0000000087800000| Untracked
| 121|0x0000000087900000, 0x0000000087900000, 0x0000000087a00000|  0%| F|  |TAMS 0x0000000087900000, 0x0000000087900000| Untracked
| 122|0x0000000087a00000, 0x0000000087a00000, 0x0000000087b00000|  0%| F|  |TAMS 0x0000000087a00000, 0x0000000087a00000| Untracked
| 123|0x0000000087b00000, 0x0000000087b00000, 0x0000000087c00000|  0%| F|  |TAMS 0x0000000087b00000, 0x0000000087b00000| Untracked
| 124|0x0000000087c00000, 0x0000000087c00000, 0x0000000087d00000|  0%| F|  |TAMS 0x0000000087c00000, 0x0000000087c00000| Untracked
| 125|0x0000000087d00000, 0x0000000087d00000, 0x0000000087e00000|  0%| F|  |TAMS 0x0000000087d00000, 0x0000000087d00000| Untracked
| 126|0x0000000087e00000, 0x0000000087e00000, 0x0000000087f00000|  0%| F|  |TAMS 0x0000000087e00000, 0x0000000087e00000| Untracked
| 127|0x0000000087f00000, 0x0000000087f00000, 0x0000000088000000|  0%| F|  |TAMS 0x0000000087f00000, 0x0000000087f00000| Untracked
| 128|0x0000000088000000, 0x0000000088000000, 0x0000000088100000|  0%| F|  |TAMS 0x0000000088000000, 0x0000000088000000| Untracked
| 129|0x0000000088100000, 0x0000000088100000, 0x0000000088200000|  0%| F|  |TAMS 0x0000000088100000, 0x0000000088100000| Untracked
| 130|0x0000000088200000, 0x0000000088200000, 0x0000000088300000|  0%| F|  |TAMS 0x0000000088200000, 0x0000000088200000| Untracked
| 131|0x0000000088300000, 0x0000000088300000, 0x0000000088400000|  0%| F|  |TAMS 0x0000000088300000, 0x0000000088300000| Untracked
| 132|0x0000000088400000, 0x0000000088400000, 0x0000000088500000|  0%| F|  |TAMS 0x0000000088400000, 0x0000000088400000| Untracked
| 133|0x0000000088500000, 0x0000000088500000, 0x0000000088600000|  0%| F|  |TAMS 0x0000000088500000, 0x0000000088500000| Untracked
| 134|0x0000000088600000, 0x0000000088600000, 0x0000000088700000|  0%| F|  |TAMS 0x0000000088600000, 0x0000000088600000| Untracked
| 135|0x0000000088700000, 0x0000000088700000, 0x0000000088800000|  0%| F|  |TAMS 0x0000000088700000, 0x0000000088700000| Untracked
| 136|0x0000000088800000, 0x0000000088800000, 0x0000000088900000|  0%| F|  |TAMS 0x0000000088800000, 0x0000000088800000| Untracked
| 137|0x0000000088900000, 0x00000000889710f0, 0x0000000088a00000| 44%| S|CS|TAMS 0x0000000088900000, 0x0000000088900000| Complete
| 138|0x0000000088a00000, 0x0000000088b00000, 0x0000000088b00000|100%| S|CS|TAMS 0x0000000088a00000, 0x0000000088a00000| Complete
| 139|0x0000000088b00000, 0x0000000088c00000, 0x0000000088c00000|100%| S|CS|TAMS 0x0000000088b00000, 0x0000000088b00000| Complete
| 140|0x0000000088c00000, 0x0000000088d00000, 0x0000000088d00000|100%| S|CS|TAMS 0x0000000088c00000, 0x0000000088c00000| Complete
| 141|0x0000000088d00000, 0x0000000088d00000, 0x0000000088e00000|  0%| F|  |TAMS 0x0000000088d00000, 0x0000000088d00000| Untracked
| 142|0x0000000088e00000, 0x0000000088e00000, 0x0000000088f00000|  0%| F|  |TAMS 0x0000000088e00000, 0x0000000088e00000| Untracked
| 143|0x0000000088f00000, 0x0000000088f00000, 0x0000000089000000|  0%| F|  |TAMS 0x0000000088f00000, 0x0000000088f00000| Untracked
| 144|0x0000000089000000, 0x0000000089000000, 0x0000000089100000|  0%| F|  |TAMS 0x0000000089000000, 0x0000000089000000| Untracked
| 145|0x0000000089100000, 0x0000000089100000, 0x0000000089200000|  0%| F|  |TAMS 0x0000000089100000, 0x0000000089100000| Untracked
| 146|0x0000000089200000, 0x0000000089200000, 0x0000000089300000|  0%| F|  |TAMS 0x0000000089200000, 0x0000000089200000| Untracked
| 147|0x0000000089300000, 0x0000000089300000, 0x0000000089400000|  0%| F|  |TAMS 0x0000000089300000, 0x0000000089300000| Untracked
| 148|0x0000000089400000, 0x0000000089400000, 0x0000000089500000|  0%| F|  |TAMS 0x0000000089400000, 0x0000000089400000| Untracked
| 149|0x0000000089500000, 0x0000000089500000, 0x0000000089600000|  0%| F|  |TAMS 0x0000000089500000, 0x0000000089500000| Untracked
| 150|0x0000000089600000, 0x0000000089600000, 0x0000000089700000|  0%| F|  |TAMS 0x0000000089600000, 0x0000000089600000| Untracked
| 151|0x0000000089700000, 0x0000000089700000, 0x0000000089800000|  0%| F|  |TAMS 0x0000000089700000, 0x0000000089700000| Untracked
| 152|0x0000000089800000, 0x0000000089800000, 0x0000000089900000|  0%| F|  |TAMS 0x0000000089800000, 0x0000000089800000| Untracked
| 153|0x0000000089900000, 0x0000000089900000, 0x0000000089a00000|  0%| F|  |TAMS 0x0000000089900000, 0x0000000089900000| Untracked
| 154|0x0000000089a00000, 0x0000000089a00000, 0x0000000089b00000|  0%| F|  |TAMS 0x0000000089a00000, 0x0000000089a00000| Untracked
| 155|0x0000000089b00000, 0x0000000089b00000, 0x0000000089c00000|  0%| F|  |TAMS 0x0000000089b00000, 0x0000000089b00000| Untracked
| 156|0x0000000089c00000, 0x0000000089c00000, 0x0000000089d00000|  0%| F|  |TAMS 0x0000000089c00000, 0x0000000089c00000| Untracked
| 157|0x0000000089d00000, 0x0000000089d00000, 0x0000000089e00000|  0%| F|  |TAMS 0x0000000089d00000, 0x0000000089d00000| Untracked
| 158|0x0000000089e00000, 0x0000000089e00000, 0x0000000089f00000|  0%| F|  |TAMS 0x0000000089e00000, 0x0000000089e00000| Untracked
| 159|0x0000000089f00000, 0x0000000089f00000, 0x000000008a000000|  0%| F|  |TAMS 0x0000000089f00000, 0x0000000089f00000| Untracked
| 160|0x000000008a000000, 0x000000008a000000, 0x000000008a100000|  0%| F|  |TAMS 0x000000008a000000, 0x000000008a000000| Untracked
| 161|0x000000008a100000, 0x000000008a100000, 0x000000008a200000|  0%| F|  |TAMS 0x000000008a100000, 0x000000008a100000| Untracked
| 162|0x000000008a200000, 0x000000008a200000, 0x000000008a300000|  0%| F|  |TAMS 0x000000008a200000, 0x000000008a200000| Untracked
| 163|0x000000008a300000, 0x000000008a300000, 0x000000008a400000|  0%| F|  |TAMS 0x000000008a300000, 0x000000008a300000| Untracked
| 164|0x000000008a400000, 0x000000008a400000, 0x000000008a500000|  0%| F|  |TAMS 0x000000008a400000, 0x000000008a400000| Untracked
| 165|0x000000008a500000, 0x000000008a500000, 0x000000008a600000|  0%| F|  |TAMS 0x000000008a500000, 0x000000008a500000| Untracked
| 166|0x000000008a600000, 0x000000008a600000, 0x000000008a700000|  0%| F|  |TAMS 0x000000008a600000, 0x000000008a600000| Untracked
| 167|0x000000008a700000, 0x000000008a700000, 0x000000008a800000|  0%| F|  |TAMS 0x000000008a700000, 0x000000008a700000| Untracked
| 168|0x000000008a800000, 0x000000008a800000, 0x000000008a900000|  0%| F|  |TAMS 0x000000008a800000, 0x000000008a800000| Untracked
| 169|0x000000008a900000, 0x000000008a900000, 0x000000008aa00000|  0%| F|  |TAMS 0x000000008a900000, 0x000000008a900000| Untracked
| 170|0x000000008aa00000, 0x000000008aa00000, 0x000000008ab00000|  0%| F|  |TAMS 0x000000008aa00000, 0x000000008aa00000| Untracked
| 171|0x000000008ab00000, 0x000000008ab00000, 0x000000008ac00000|  0%| F|  |TAMS 0x000000008ab00000, 0x000000008ab00000| Untracked
| 172|0x000000008ac00000, 0x000000008ac00000, 0x000000008ad00000|  0%| F|  |TAMS 0x000000008ac00000, 0x000000008ac00000| Untracked
| 173|0x000000008ad00000, 0x000000008ad00000, 0x000000008ae00000|  0%| F|  |TAMS 0x000000008ad00000, 0x000000008ad00000| Untracked
| 174|0x000000008ae00000, 0x000000008ae00000, 0x000000008af00000|  0%| F|  |TAMS 0x000000008ae00000, 0x000000008ae00000| Untracked
| 175|0x000000008af00000, 0x000000008af5e938, 0x000000008b000000| 36%| E|  |TAMS 0x000000008af00000, 0x000000008af00000| Complete
| 176|0x000000008b000000, 0x000000008b100000, 0x000000008b100000|100%| E|CS|TAMS 0x000000008b000000, 0x000000008b000000| Complete
| 177|0x000000008b100000, 0x000000008b200000, 0x000000008b200000|100%| E|CS|TAMS 0x000000008b100000, 0x000000008b100000| Complete
| 178|0x000000008b200000, 0x000000008b300000, 0x000000008b300000|100%| E|  |TAMS 0x000000008b200000, 0x000000008b200000| Complete
| 179|0x000000008b300000, 0x000000008b400000, 0x000000008b400000|100%| E|CS|TAMS 0x000000008b300000, 0x000000008b300000| Complete
| 180|0x000000008b400000, 0x000000008b500000, 0x000000008b500000|100%| E|CS|TAMS 0x000000008b400000, 0x000000008b400000| Complete
| 181|0x000000008b500000, 0x000000008b600000, 0x000000008b600000|100%| E|CS|TAMS 0x000000008b500000, 0x000000008b500000| Complete
| 182|0x000000008b600000, 0x000000008b700000, 0x000000008b700000|100%| E|CS|TAMS 0x000000008b600000, 0x000000008b600000| Complete
| 183|0x000000008b700000, 0x000000008b800000, 0x000000008b800000|100%| E|CS|TAMS 0x000000008b700000, 0x000000008b700000| Complete
| 184|0x000000008b800000, 0x000000008b900000, 0x000000008b900000|100%| E|CS|TAMS 0x000000008b800000, 0x000000008b800000| Complete
| 185|0x000000008b900000, 0x000000008ba00000, 0x000000008ba00000|100%| E|CS|TAMS 0x000000008b900000, 0x000000008b900000| Complete
| 186|0x000000008ba00000, 0x000000008bb00000, 0x000000008bb00000|100%| E|CS|TAMS 0x000000008ba00000, 0x000000008ba00000| Complete
| 187|0x000000008bb00000, 0x000000008bc00000, 0x000000008bc00000|100%| E|CS|TAMS 0x000000008bb00000, 0x000000008bb00000| Complete
| 188|0x000000008bc00000, 0x000000008bd00000, 0x000000008bd00000|100%| E|CS|TAMS 0x000000008bc00000, 0x000000008bc00000| Complete
| 189|0x000000008bd00000, 0x000000008be00000, 0x000000008be00000|100%| E|CS|TAMS 0x000000008bd00000, 0x000000008bd00000| Complete
| 190|0x000000008be00000, 0x000000008bf00000, 0x000000008bf00000|100%| E|CS|TAMS 0x000000008be00000, 0x000000008be00000| Complete
| 191|0x000000008bf00000, 0x000000008c000000, 0x000000008c000000|100%| E|CS|TAMS 0x000000008bf00000, 0x000000008bf00000| Complete
| 192|0x000000008c000000, 0x000000008c100000, 0x000000008c100000|100%| E|CS|TAMS 0x000000008c000000, 0x000000008c000000| Complete
| 193|0x000000008c100000, 0x000000008c200000, 0x000000008c200000|100%| E|CS|TAMS 0x000000008c100000, 0x000000008c100000| Complete
| 194|0x000000008c200000, 0x000000008c300000, 0x000000008c300000|100%| E|CS|TAMS 0x000000008c200000, 0x000000008c200000| Complete
| 195|0x000000008c300000, 0x000000008c400000, 0x000000008c400000|100%| E|CS|TAMS 0x000000008c300000, 0x000000008c300000| Complete
| 196|0x000000008c400000, 0x000000008c500000, 0x000000008c500000|100%| E|CS|TAMS 0x000000008c400000, 0x000000008c400000| Complete
| 197|0x000000008c500000, 0x000000008c600000, 0x000000008c600000|100%| E|CS|TAMS 0x000000008c500000, 0x000000008c500000| Complete
| 198|0x000000008c600000, 0x000000008c700000, 0x000000008c700000|100%| E|CS|TAMS 0x000000008c600000, 0x000000008c600000| Complete
| 199|0x000000008c700000, 0x000000008c800000, 0x000000008c800000|100%| E|CS|TAMS 0x000000008c700000, 0x000000008c700000| Complete
| 200|0x000000008c800000, 0x000000008c900000, 0x000000008c900000|100%| E|CS|TAMS 0x000000008c800000, 0x000000008c800000| Complete
| 201|0x000000008c900000, 0x000000008ca00000, 0x000000008ca00000|100%| E|CS|TAMS 0x000000008c900000, 0x000000008c900000| Complete
| 202|0x000000008ca00000, 0x000000008cb00000, 0x000000008cb00000|100%| E|CS|TAMS 0x000000008ca00000, 0x000000008ca00000| Complete
| 203|0x000000008cb00000, 0x000000008cc00000, 0x000000008cc00000|100%| E|CS|TAMS 0x000000008cb00000, 0x000000008cb00000| Complete
| 204|0x000000008cc00000, 0x000000008cd00000, 0x000000008cd00000|100%| E|CS|TAMS 0x000000008cc00000, 0x000000008cc00000| Complete
| 205|0x000000008cd00000, 0x000000008ce00000, 0x000000008ce00000|100%| E|CS|TAMS 0x000000008cd00000, 0x000000008cd00000| Complete
| 206|0x000000008ce00000, 0x000000008cf00000, 0x000000008cf00000|100%| E|CS|TAMS 0x000000008ce00000, 0x000000008ce00000| Complete
| 207|0x000000008cf00000, 0x000000008d000000, 0x000000008d000000|100%| E|CS|TAMS 0x000000008cf00000, 0x000000008cf00000| Complete
| 208|0x000000008d000000, 0x000000008d100000, 0x000000008d100000|100%| E|CS|TAMS 0x000000008d000000, 0x000000008d000000| Complete
| 209|0x000000008d100000, 0x000000008d200000, 0x000000008d200000|100%| E|CS|TAMS 0x000000008d100000, 0x000000008d100000| Complete
| 210|0x000000008d200000, 0x000000008d300000, 0x000000008d300000|100%| E|CS|TAMS 0x000000008d200000, 0x000000008d200000| Complete
| 211|0x000000008d300000, 0x000000008d3ffff8, 0x000000008d400000| 99%| E|CS|TAMS 0x000000008d300000, 0x000000008d300000| Complete
| 212|0x000000008d400000, 0x000000008d500000, 0x000000008d500000|100%| E|CS|TAMS 0x000000008d400000, 0x000000008d400000| Complete
| 213|0x000000008d500000, 0x000000008d600000, 0x000000008d600000|100%| E|CS|TAMS 0x000000008d500000, 0x000000008d500000| Complete
| 214|0x000000008d600000, 0x000000008d700000, 0x000000008d700000|100%| E|CS|TAMS 0x000000008d600000, 0x000000008d600000| Complete
| 215|0x000000008d700000, 0x000000008d800000, 0x000000008d800000|100%| E|CS|TAMS 0x000000008d700000, 0x000000008d700000| Complete
| 216|0x000000008d800000, 0x000000008d900000, 0x000000008d900000|100%| E|CS|TAMS 0x000000008d800000, 0x000000008d800000| Complete
| 217|0x000000008d900000, 0x000000008da00000, 0x000000008da00000|100%| E|CS|TAMS 0x000000008d900000, 0x000000008d900000| Complete
| 218|0x000000008da00000, 0x000000008db00000, 0x000000008db00000|100%| E|CS|TAMS 0x000000008da00000, 0x000000008da00000| Complete
| 219|0x000000008db00000, 0x000000008dc00000, 0x000000008dc00000|100%| E|CS|TAMS 0x000000008db00000, 0x000000008db00000| Complete
| 220|0x000000008dc00000, 0x000000008dd00000, 0x000000008dd00000|100%| E|CS|TAMS 0x000000008dc00000, 0x000000008dc00000| Complete
| 221|0x000000008dd00000, 0x000000008de00000, 0x000000008de00000|100%| E|CS|TAMS 0x000000008dd00000, 0x000000008dd00000| Complete
| 222|0x000000008de00000, 0x000000008df00000, 0x000000008df00000|100%| E|CS|TAMS 0x000000008de00000, 0x000000008de00000| Complete
| 223|0x000000008df00000, 0x000000008e000000, 0x000000008e000000|100%| E|CS|TAMS 0x000000008df00000, 0x000000008df00000| Complete
| 224|0x000000008e000000, 0x000000008e100000, 0x000000008e100000|100%| E|CS|TAMS 0x000000008e000000, 0x000000008e000000| Complete
| 225|0x000000008e100000, 0x000000008e200000, 0x000000008e200000|100%| E|CS|TAMS 0x000000008e100000, 0x000000008e100000| Complete
| 226|0x000000008e200000, 0x000000008e300000, 0x000000008e300000|100%| E|CS|TAMS 0x000000008e200000, 0x000000008e200000| Complete
| 227|0x000000008e300000, 0x000000008e400000, 0x000000008e400000|100%| E|CS|TAMS 0x000000008e300000, 0x000000008e300000| Complete
| 228|0x000000008e400000, 0x000000008e500000, 0x000000008e500000|100%| E|CS|TAMS 0x000000008e400000, 0x000000008e400000| Complete
| 229|0x000000008e500000, 0x000000008e600000, 0x000000008e600000|100%| E|CS|TAMS 0x000000008e500000, 0x000000008e500000| Complete
| 230|0x000000008e600000, 0x000000008e700000, 0x000000008e700000|100%| E|CS|TAMS 0x000000008e600000, 0x000000008e600000| Complete
| 231|0x000000008e700000, 0x000000008e800000, 0x000000008e800000|100%| E|CS|TAMS 0x000000008e700000, 0x000000008e700000| Complete
| 232|0x000000008e800000, 0x000000008e900000, 0x000000008e900000|100%| E|CS|TAMS 0x000000008e800000, 0x000000008e800000| Complete
| 233|0x000000008e900000, 0x000000008ea00000, 0x000000008ea00000|100%| E|CS|TAMS 0x000000008e900000, 0x000000008e900000| Complete
| 234|0x000000008ea00000, 0x000000008eb00000, 0x000000008eb00000|100%| E|CS|TAMS 0x000000008ea00000, 0x000000008ea00000| Complete
| 235|0x000000008eb00000, 0x000000008ec00000, 0x000000008ec00000|100%| E|CS|TAMS 0x000000008eb00000, 0x000000008eb00000| Complete
| 236|0x000000008ec00000, 0x000000008ed00000, 0x000000008ed00000|100%| E|CS|TAMS 0x000000008ec00000, 0x000000008ec00000| Complete
| 237|0x000000008ed00000, 0x000000008ee00000, 0x000000008ee00000|100%| E|CS|TAMS 0x000000008ed00000, 0x000000008ed00000| Complete
| 238|0x000000008ee00000, 0x000000008ef00000, 0x000000008ef00000|100%| E|CS|TAMS 0x000000008ee00000, 0x000000008ee00000| Complete
| 239|0x000000008ef00000, 0x000000008f000000, 0x000000008f000000|100%| E|CS|TAMS 0x000000008ef00000, 0x000000008ef00000| Complete
| 240|0x000000008f000000, 0x000000008f100000, 0x000000008f100000|100%| E|CS|TAMS 0x000000008f000000, 0x000000008f000000| Complete
| 241|0x000000008f100000, 0x000000008f200000, 0x000000008f200000|100%| E|CS|TAMS 0x000000008f100000, 0x000000008f100000| Complete
| 242|0x000000008f200000, 0x000000008f300000, 0x000000008f300000|100%| E|CS|TAMS 0x000000008f200000, 0x000000008f200000| Complete
| 243|0x000000008f300000, 0x000000008f400000, 0x000000008f400000|100%| E|CS|TAMS 0x000000008f300000, 0x000000008f300000| Complete
| 244|0x000000008f400000, 0x000000008f500000, 0x000000008f500000|100%| E|CS|TAMS 0x000000008f400000, 0x000000008f400000| Complete
| 245|0x000000008f500000, 0x000000008f600000, 0x000000008f600000|100%| E|CS|TAMS 0x000000008f500000, 0x000000008f500000| Complete
| 246|0x000000008f600000, 0x000000008f700000, 0x000000008f700000|100%| E|CS|TAMS 0x000000008f600000, 0x000000008f600000| Complete
| 247|0x000000008f700000, 0x000000008f800000, 0x000000008f800000|100%| E|CS|TAMS 0x000000008f700000, 0x000000008f700000| Complete
| 248|0x000000008f800000, 0x000000008f900000, 0x000000008f900000|100%| E|CS|TAMS 0x000000008f800000, 0x000000008f800000| Complete
| 249|0x000000008f900000, 0x000000008fa00000, 0x000000008fa00000|100%| E|CS|TAMS 0x000000008f900000, 0x000000008f900000| Complete
| 250|0x000000008fa00000, 0x000000008fb00000, 0x000000008fb00000|100%| E|CS|TAMS 0x000000008fa00000, 0x000000008fa00000| Complete
| 251|0x000000008fb00000, 0x000000008fc00000, 0x000000008fc00000|100%| E|CS|TAMS 0x000000008fb00000, 0x000000008fb00000| Complete
| 252|0x000000008fc00000, 0x000000008fd00000, 0x000000008fd00000|100%| E|CS|TAMS 0x000000008fc00000, 0x000000008fc00000| Complete
| 253|0x000000008fd00000, 0x000000008fe00000, 0x000000008fe00000|100%| E|CS|TAMS 0x000000008fd00000, 0x000000008fd00000|
Complete

        Card
table byte_map
: [0x000001e922c80000,0x000001e923080000] _byte_map_base: 0x000001e922880000

Marking Bits(Prev, Next)

: (CMBitMap*) 0x000001e90fa836f8, (CMBitMap*) 0x000001e90fa83730
Prev Bits
: [0x000001e923480000, 0x000001e925480000)
Next Bits
: [0x000001e925480000, 0x000001e927480000)

Polling page
: 0x000001e90f220000

Metaspace:

Usage:
Non-

class :

100.74
MB capacity,
98.48 MB ( 98%) used,     1.81 MB (  2%) free+waste,   461.00 KB ( <1%) overhead.
Class:     16.54
MB capacity,
14.98 MB ( 91%) used,     1.33 MB (  8%) free+waste,   227.13 KB (  1%) overhead.
Both:    117.28
MB capacity,
113.47 MB ( 97%) used,     3.14 MB (  3%) free+waste,   688.13 KB ( <1%) overhead.

Virtual space
:
Non-

class space :

102.00
MB reserved,
100.95 MB ( 99%)
committed
        Class
space:        1.00
GB reserved,
16.63 MB (  2%)
committed
        Both
:        1.10
GB reserved,
117.57 MB ( 10%)
committed

        Chunk
freelists:
Non-Class:  20.00
KB
        Class
:  0
bytes
        Both
:  20.00
KB

        MaxMetaspaceSize
: 17179869184.00
GB
        CompressedClassSpaceSize
: 1.00
GB

        CodeHeap
'non-profiled nmethods':
size = 120000Kb
used = 8304Kb
max_used = 8304Kb
free = 111695Kb
bounds [0x000001e91b010000, 0x000001e91b830000, 0x000001e922540000]
CodeHeap 'profiled nmethods':
size = 120000Kb
used = 29803Kb
max_used = 29803Kb
free = 90196Kb
bounds [0x000001e913ae0000, 0x000001e915800000, 0x000001e91b010000]
CodeHeap 'non-nmethods':
size = 5760Kb
used = 2335Kb
max_used = 2394Kb
free = 3424Kb
bounds [0x000001e913540000, 0x000001e9137b0000, 0x000001e913ae0000]
total_blobs = 15196
nmethods = 14244
adapters = 863
compilation:
enabled
        stopped_count = 0, restarted_count = 0
full_count = 0

Compilation events(20
events):
Event: 90.171 Thread 0x000001e92a7a0800 14242       3       org.gradle.internal.resource.local.GroupedAndNamedUniqueFileStore::toPath (61 bytes)
Event: 90.171 Thread 0x000001e92a7a0800 nmethod 14242 0x000001e9157c9010 code [0x000001e9157c92c0, 0x000001e9157c9e08]
Event: 90.171 Thread 0x000001e92a7a0800 14243       3       org.gradle.api.internal.filestore.DefaultArtifactIdentifierFileStore$1::determineGroup (9 bytes)
Event: 90.171 Thread 0x000001e92a7a0800 nmethod 14243 0x000001e9157ca210 code [0x000001e9157ca3e0, 0x000001e9157ca628]
Event: 90.171 Thread 0x000001e92a7a0800 14245       3       org.gradle.api.internal.artifacts.ivyservice.modulecache.ModuleMetadataSerializer$Reader::readNullableString (10 bytes)
Event: 90.171 Thread 0x000001e92a7a0800 nmethod 14245 0x000001e9157ca710 code [0x000001e9157ca8c0, 0x000001e9157caa88]
Event: 90.172 Thread 0x000001e92a7a0800 14246       3       org.gradle.internal.serialize.kryo.KryoBackedDecoder::close (8 bytes)
Event: 90.172 Thread 0x000001e92a7a0800 nmethod 14246 0x000001e9157cab90 code [0x000001e9157cad60, 0x000001e9157cb008]
Event: 90.172 Thread 0x000001e92a7a0800 14247       3       java.io.FileInputStream::open (6 bytes)
Event: 90.172 Thread 0x000001e92a7a0800 nmethod 14247 0x000001e9157cb190 code [0x000001e9157cb340, 0x000001e9157cb468]
Event: 90.172 Thread 0x000001e92a7a0800 14249   !   3       java.io.FileInputStream::getFinalizer (42 bytes)
Event: 90.172 Thread 0x000001e92a7a0800 nmethod 14249 0x000001e9157cb510 code [0x000001e9157cb700, 0x000001e9157cbae8]
Event: 90.172 Thread 0x000001e92a7a0800 14250       3       java.io.FileInputStream::<init> (122 bytes)
Event: 90.173 Thread 0x000001e92a7a0800 nmethod 14250 0x000001e9157cbd90 code [0x000001e9157cc080, 0x000001e9157ccf18]
Event: 90.173 Thread 0x000001e92a7a0800 14252       3       org.gradle.api.internal.artifacts.ivyservice.WritableArtifactCacheLockingManager::useCache (11 bytes)
Event: 90.173 Thread 0x000001e92a7a0800 nmethod 14252 0x000001e9157cd490 code [0x000001e9157cd640, 0x000001e9157cd808]
Event: 90.173 Thread 0x000001e92a7a0800 14253       3       org.gradle.api.internal.artifacts.ivyservice.DefaultArtifactCaches$LateInitWritableArtifactCacheLockingManager::useCache (9 bytes)
Event: 90.173 Thread 0x000001e92a7a0800 nmethod 14253 0x000001e9157cd910 code [0x000001e9157cdae0, 0x000001e9157cdd38]
Event: 90.173 Thread 0x000001e92a7a0800 14251       3       java.io.FileInputStream$1::close (11 bytes)
Event: 90.173 Thread 0x000001e92a7a0800 nmethod 14251 0x000001e9157cde90 code [0x000001e9157ce080, 0x000001e9157ce6d8]

GC Heap
History (20 events):
Event: 1.825
GC heap
before
{
Heap before
GC invocations = 3(full
0):
garbage-
first heap
total 260096K, used 85216K [0x0000000080000000, 0x0000000100000000)
region size
1024K, 78 young (79872K), 11 survivors (11264K)
Metaspace used
27030K, capacity 27710K, committed 27904K, reserved 1073152K

class space used

3572K, capacity 3807K, committed 3840K, reserved 1048576K
}
Event: 1.830
GC heap
after
{
Heap after
GC invocations = 4(full
0):
garbage-
first heap
total 260096K, used 19090K [0x0000000080000000, 0x0000000100000000)
region size
1024K, 3 young (3072K), 3 survivors (3072K)
Metaspace used
27030K, capacity 27710K, committed 27904K, reserved 1073152K

class space used

3572K, capacity 3807K, committed 3840K, reserved 1048576K
}
Event: 2.228
GC heap
before
{
Heap before
GC invocations = 4(full
0):
garbage-
first heap
total 260096K, used 62098K [0x0000000080000000, 0x0000000100000000)
region size
1024K, 46 young (47104K), 3 survivors (3072K)
Metaspace used
35015K, capacity 35782K, committed 35840K, reserved 1081344K

class space used

4557K, capacity 4863K, committed 4864K, reserved 1048576K
}
Event: 2.233
GC heap
after
{
Heap after
GC invocations = 5(full
0):
garbage-
first heap
total 260096K, used 22164K [0x0000000080000000, 0x0000000100000000)
region size
1024K, 6 young (6144K), 6 survivors (6144K)
Metaspace used
35015K, capacity 35782K, committed 35840K, reserved 1081344K

class space used

4557K, capacity 4863K, committed 4864K, reserved 1048576K
}
Event: 3.033
GC heap
before
{
Heap before
GC invocations = 6(full
0):
garbage-
first heap
total 260096K, used 141972K [0x0000000080000000, 0x0000000100000000)
region size
1024K, 120 young (122880K), 6 survivors (6144K)
Metaspace used
44583K, capacity 45527K, committed 45772K, reserved 1089536K

class space used

5729K, capacity 6091K, committed 6144K, reserved 1048576K
}
Event: 3.041
GC heap
after
{
Heap after
GC invocations = 7(full
0):
garbage-
first heap
total 260096K, used 29081K [0x0000000080000000, 0x0000000100000000)
region size
1024K, 13 young (13312K), 13 survivors (13312K)
Metaspace used
44583K, capacity 45527K, committed 45772K, reserved 1089536K

class space used

5729K, capacity 6091K, committed 6144K, reserved 1048576K
}
Event: 3.966
GC heap
before
{
Heap before
GC invocations = 7(full
0):
garbage-
first heap
total 260096K, used 164249K [0x0000000080000000, 0x0000000100000000)
region size
1024K, 141 young (144384K), 13 survivors (13312K)
Metaspace used
53796K, capacity 55110K, committed 55244K, reserved 1097728K

class space used

6883K, capacity 7395K, committed 7424K, reserved 1048576K
}
Event: 3.976
GC heap
after
{
Heap after
GC invocations = 8(full
0):
garbage-
first heap
total 260096K, used 44497K [0x0000000080000000, 0x0000000100000000)
region size
1024K, 18 young (18432K), 18 survivors (18432K)
Metaspace used
53796K, capacity 55110K, committed 55244K, reserved 1097728K

class space used

6883K, capacity 7395K, committed 7424K, reserved 1048576K
}
Event: 4.249
GC heap
before
{
Heap before
GC invocations = 8(full
0):
garbage-
first heap
total 260096K, used 76241K [0x0000000080000000, 0x0000000100000000)
region size
1024K, 50 young (51200K), 18 survivors (18432K)
Metaspace used
58698K, capacity 60076K, committed 60236K, reserved 1101824K

class space used

7425K, capacity 7958K, committed 8064K, reserved 1048576K
}
Event: 4.264
GC heap
after
{
Heap after
GC invocations = 9(full
0):
garbage-
first heap
total 260096K, used 47398K [0x0000000080000000, 0x0000000100000000)
region size
1024K, 3 young (3072K), 3 survivors (3072K)
Metaspace used
58698K, capacity 60076K, committed 60236K, reserved 1101824K

class space used

7425K, capacity 7958K, committed 8064K, reserved 1048576K
}
Event: 5.502
GC heap
before
{
Heap before
GC invocations = 10(full
0):
garbage-
first heap
total 260096K, used 196902K [0x0000000080000000, 0x0000000100000000)
region size
1024K, 149 young (152576K), 3 survivors (3072K)
Metaspace used
70802K, capacity 72365K, committed 72524K, reserved 1112064K

class space used

9137K, capacity 9756K, committed 9856K, reserved 1048576K
}
Event: 5.516
GC heap
after
{
Heap after
GC invocations = 11(full
0):
garbage-
first heap
total 260096K, used 56225K [0x0000000080000000, 0x0000000100000000)
region size
1024K, 12 young (12288K), 12 survivors (12288K)
Metaspace used
70802K, capacity 72365K, committed 72524K, reserved 1112064K

class space used

9137K, capacity 9756K, committed 9856K, reserved 1048576K
}
Event: 6.803
GC heap
before
{
Heap before
GC invocations = 12(full
0):
garbage-
first heap
total 260096K, used 193441K [0x0000000080000000, 0x0000000100000000)
region size
1024K, 147 young (150528K), 12 survivors (12288K)
Metaspace used
82958K, capacity 85139K, committed 85324K, reserved 1122304K

class space used

10794K, capacity 11572K, committed 11648K, reserved 1048576K
}
Event: 6.818
GC heap
after
{
Heap after
GC invocations = 13(full
0):
garbage-
first heap
total 260096K, used 67299K [0x0000000080000000, 0x0000000100000000)
region size
1024K, 11 young (11264K), 11 survivors (11264K)
Metaspace used
82958K, capacity 85139K, committed 85324K, reserved 1122304K

class space used

10794K, capacity 11572K, committed 11648K, reserved 1048576K
}
Event: 7.759
GC heap
before
{
Heap before
GC invocations = 13(full
0):
garbage-
first heap
total 260096K, used 198371K [0x0000000080000000, 0x0000000100000000)
region size
1024K, 140 young (143360K), 11 survivors (11264K)
Metaspace used
91026K, capacity 93384K, committed 93644K, reserved 1130496K

class space used

11794K, capacity 12692K, committed 12800K, reserved 1048576K
}
Event: 7.774
GC heap
after
{
Heap after
GC invocations = 14(full
0):
garbage-
first heap
total 260096K, used 77508K [0x0000000080000000, 0x0000000100000000)
region size
1024K, 11 young (11264K), 11 survivors (11264K)
Metaspace used
91026K, capacity 93384K, committed 93644K, reserved 1130496K

class space used

11794K, capacity 12692K, committed 12800K, reserved 1048576K
}
Event: 8.693
GC heap
before
{
Heap before
GC invocations = 14(full
0):
garbage-
first heap
total 260096K, used 205508K [0x0000000080000000, 0x0000000100000000)
region size
1024K, 133 young (136192K), 11 survivors (11264K)
Metaspace used
98204K, capacity 100901K, committed 101068K, reserved 1136640K

class space used

12757K, capacity 13806K, committed 13824K, reserved 1048576K
}
Event: 8.704
GC heap
after
{
Heap after
GC invocations = 15(full
0):
garbage-
first heap
total 260096K, used 87950K [0x0000000080000000, 0x0000000100000000)
region size
1024K, 10 young (10240K), 10 survivors (10240K)
Metaspace used
98204K, capacity 100901K, committed 101068K, reserved 1136640K

class space used

12757K, capacity 13806K, committed 13824K, reserved 1048576K
}
Event: 9.397
GC heap
before
{
Heap before
GC invocations = 15(full
0):
garbage-
first heap
total 260096K, used 203662K [0x0000000080000000, 0x0000000100000000)
region size
1024K, 123 young (125952K), 10 survivors (10240K)
Metaspace used
108465K, capacity 112253K, committed 112332K, reserved 1144832K

class space used

14524K, capacity 16093K, committed 16128K, reserved 1048576K
}
Event: 9.404
GC heap
after
{
Heap after
GC invocations = 16(full
0):
garbage-
first heap
total 260096K, used 84024K [0x0000000080000000, 0x0000000100000000)
region size
1024K, 4 young (4096K), 4 survivors (4096K)
Metaspace used
108465K, capacity 112253K, committed 112332K, reserved 1144832K

class space used

14524K, capacity 16093K, committed 16128K, reserved 1048576K
}

Deoptimization events(20
events):
Event: 90.098 Thread 0x000001e935b7e000
DEOPT PACKING
pc = 0x000001e91b7898dc
sp = 0x0000004ccfcfbec0
Event: 90.098 Thread 0x000001e935b7e000
DEOPT UNPACKING
pc = 0x000001e91356662f
sp = 0x0000004ccfcfbe68
mode 2
Event: 90.100 Thread 0x000001e935b7e000
Uncommon trap
:
trap_request = 0xffffff4d
fr.
pc = 0x000001e91b586390
relative = 0x0000000000000070
Event: 90.100 Thread 0x000001e935b7e000
Uncommon trap
:
reason = unstable_if
action = reinterpret
pc = 0x000001e91b586390
method = com.google.common.math.IntMath.log2(ILjava / math / RoundingMode;
)I @ 15
c2
        Event
: 90.100 Thread 0x000001e935b7e000
DEOPT PACKING
pc = 0x000001e91b586390
sp = 0x0000004ccfcfba40
Event: 90.100 Thread 0x000001e935b7e000
DEOPT UNPACKING
pc = 0x000001e91356662f
sp = 0x0000004ccfcfb9c8
mode 2
Event: 90.100 Thread 0x000001e935b7e000
Uncommon trap
:
trap_request = 0xffffffc6
fr.
pc = 0x000001e91b66635c
relative = 0x000000000000277c
Event: 90.100 Thread 0x000001e935b7e000
Uncommon trap
:
reason = bimorphic_or_optimized_type_check
action = maybe_recompile
pc = 0x000001e91b66635c
method = com.google.common.collect.ImmutableSet.copyOf(Ljava / util / Collection;
)Lcom/google/common/collect/
ImmutableSet;
@ 47
c2
        Event
: 90.100 Thread 0x000001e935b7e000
DEOPT PACKING
pc = 0x000001e91b66635c
sp = 0x0000004ccfcfbc00
Event: 90.100 Thread 0x000001e935b7e000
DEOPT UNPACKING
pc = 0x000001e91356662f
sp = 0x0000004ccfcfbc68
mode 2
Event: 90.100 Thread 0x000001e935b7e000
Uncommon trap
:
trap_request = 0xffffffc6
fr.
pc = 0x000001e91b66635c
relative = 0x000000000000277c
Event: 90.100 Thread 0x000001e935b7e000
Uncommon trap
:
reason = bimorphic_or_optimized_type_check
action = maybe_recompile
pc = 0x000001e91b66635c
method = com.google.common.collect.ImmutableSet.copyOf(Ljava / util / Collection;
)Lcom/google/common/collect/
ImmutableSet;
@ 47
c2
        Event
: 90.100 Thread 0x000001e935b7e000
DEOPT PACKING
pc = 0x000001e91b66635c
sp = 0x0000004ccfcfbc00
Event: 90.100 Thread 0x000001e935b7e000
DEOPT UNPACKING
pc = 0x000001e91356662f
sp = 0x0000004ccfcfbc68
mode 2
Event: 90.123 Thread 0x000001e935b7e000
DEOPT PACKING
pc = 0x000001e913f57279
sp = 0x0000004ccfcfb6f0
Event: 90.123 Thread 0x000001e935b7e000
DEOPT UNPACKING
pc = 0x000001e913566dde
sp = 0x0000004ccfcfabb8
mode 0
Event: 90.151 Thread 0x000001e935b7e000
Uncommon trap
:
trap_request = 0xffffffde
fr.
pc = 0x000001e91b77cb94
relative = 0x0000000000000454
Event: 90.151 Thread 0x000001e935b7e000
Uncommon trap
:
reason = class_check
action = maybe_recompile
pc = 0x000001e91b77cb94
method = org.gradle.cache.internal.LockOnDemandCrossProcessCacheAccess.incrementLockCount()
V @ 97
c2
        Event
: 90.151 Thread 0x000001e935b7e000
DEOPT PACKING
pc = 0x000001e91b77cb94
sp = 0x0000004ccfcf7490
Event: 90.151 Thread 0x000001e935b7e000
DEOPT UNPACKING
pc = 0x000001e91356662f
sp = 0x0000004ccfcf7440
mode 2

Classes redefined(0
events):
No events

Internal exceptions(20
events):
Event: 9.060 Thread 0x000001e9330a5000 Exception<a 'sun/nio/fs/WindowsException'{
0x000000008ba4d160}> (0x000000008ba4d160)
thrown at[
./src/hotspot/share/prims/jni.cpp, line 615]
Event: 9.061 Thread 0x000001e9330a5000 Exception<a 'sun/nio/fs/WindowsException'{
0x000000008baf4670}> (0x000000008baf4670)
thrown at[
./src/hotspot/share/prims/jni.cpp, line 615]
Event: 9.063 Thread 0x000001e9330a5000 Exception<a 'sun/nio/fs/WindowsException'{
0x000000008bafc3a8}> (0x000000008bafc3a8)
thrown at[
./src/hotspot/share/prims/jni.cpp, line 615]
Event: 9.063 Thread 0x000001e93309f800 Exception<a 'sun/nio/fs/WindowsException'{
0x000000008bad7db8}> (0x000000008bad7db8)
thrown at[
./src/hotspot/share/prims/jni.cpp, line 615]
Event: 9.100 Thread 0x000001e93309f800 Exception<a 'sun/nio/fs/WindowsException'{
0x000000008b4e9888}> (0x000000008b4e9888)
thrown at[
./src/hotspot/share/prims/jni.cpp, line 615]
Event: 9.222 Thread 0x000001e931d50000 Exception<a 'java/lang/NoSuchMethodError'{
0x000000008a8e4798}: <clinit>> (0x000000008a8e4798)
thrown at[
./src/hotspot/share/prims/jni.cpp, line 1362]
Event: 9.261 Thread 0x000001e93309d000 Exception<a 'sun/nio/fs/WindowsException'{
0x0000000089d880c0}> (0x0000000089d880c0)
thrown at[
./src/hotspot/share/prims/jni.cpp, line 615]
Event: 9.327 Thread 0x000001e93309d000 Exception<a 'sun/nio/fs/WindowsException'{
0x00000000898a1978}> (0x00000000898a1978)
thrown at[
./src/hotspot/share/prims/jni.cpp, line 615]
Event: 9.613 Thread 0x000001e931d50000 Exception<a 'java/lang/NoSuchMethodError'{
0x000000008d7f0628}: <clinit>> (0x000000008d7f0628)
thrown at[
./src/hotspot/share/prims/jni.cpp, line 1362]
Event: 9.614 Thread 0x000001e931d50000 Exception<a 'java/lang/NoSuchMethodError'{
0x000000008d6036f8}: <clinit>> (0x000000008d6036f8)
thrown at[
./src/hotspot/share/prims/jni.cpp, line 1362]
Event: 9.718 Thread 0x000001e9330a3800 Exception<a 'java/lang/NoSuchMethodError'{
0x000000008cc5fbb8}: 'java.lang.Object java.lang.invoke.DirectMethodHandle$Holder.invokeVirtual(java.lang.Object, java.lang.Object, int)'> (0x000000008cc5fbb8)
thrown at[
./src/hotspot/share/interpreter/linkResolver.cpp, line 773]
Event: 9.747 Thread 0x000001e92ce4c000
Implicit null
exception at
0x000001e91b780dd2 to 0x000001e91b7811d4
Event: 9.754 Thread 0x000001e935b82000 Exception<a 'sun/nio/fs/WindowsException'{
0x000000008cce5ca8}> (0x000000008cce5ca8)
thrown at[
./src/hotspot/share/prims/jni.cpp, line 615]
Event: 9.761 Thread 0x000001e92ce4c000 Exception<a 'sun/nio/fs/WindowsException'{
0x000000008cb9c7f8}> (0x000000008cb9c7f8)
thrown at[
./src/hotspot/share/prims/jni.cpp, line 615]
Event: 9.761 Thread 0x000001e92ce4c000 Exception<a 'sun/nio/fs/WindowsException'{
0x000000008cb9c878}> (0x000000008cb9c878)
thrown at[
./src/hotspot/share/prims/jni.cpp, line 615]
Event: 9.761 Thread 0x000001e92ce4c000 Exception<a 'sun/nio/fs/WindowsException'{
0x000000008cb9e180}> (0x000000008cb9e180)
thrown at[
./src/hotspot/share/prims/jni.cpp, line 615]
Event: 9.792 Thread 0x000001e92ce4c000 Exception<a 'java/lang/NoSuchMethodError'{
0x000000008c883480}: 'java.lang.Object java.lang.invoke.DirectMethodHandle$Holder.invokeSpecial(java.lang.Object, java.lang.Object, java.lang.Object, java.lang.Object, int, java.lang.Object, java.lang.Object)'> (0x000000008c883480)
thrown at[
./src/hotspot/share/interpreter/linkResolver.cpp, line 773]
Event: 11.180 Thread 0x000001e92cd5e000
Implicit null
exception at
0x000001e91b03f774 to 0x000001e91b03fc74
Event: 11.180 Thread 0x000001e92cd5e000
Implicit null
exception at
0x000001e91b35f414 to 0x000001e91b35f9b8
Event: 90.096 Thread 0x000001e935b7e000
Implicit null
exception at
0x000001e91b65d1df to 0x000001e91b65dcb8

Events (20 events):
Event: 90.102
Executing VM
operation:
RevokeBias done
Event: 90.103
Executing VM
operation:
RevokeBias
        Event
: 90.103
Executing VM
operation:
RevokeBias done
Event: 90.105 Thread 0x000001e93239d800
Thread added
: 0x000001e93239d800
Event: 90.105 Thread 0x000001e935f16800
Thread added
: 0x000001e935f16800
Event: 90.109 Thread 0x000001e935b89800
Thread added
: 0x000001e935b89800
Event: 90.110 Thread 0x000001e935b84000
Thread added
: 0x000001e935b84000
Event: 90.112 Thread 0x000001e935b88000
Thread added
: 0x000001e935b88000
Event: 90.114
Executing VM
operation:
RevokeBias
        Event
: 90.114
Executing VM
operation:
RevokeBias done
Event: 90.114
Executing VM
operation:
RevokeBias
        Event
: 90.114
Executing VM
operation:
RevokeBias done
Event: 90.119 Thread 0x000001e935b8a800
Thread added
: 0x000001e935b8a800
Event: 90.128
Executing VM
operation:
RevokeBias
        Event
: 90.128
Executing VM
operation:
RevokeBias done
Event: 90.129
Executing VM
operation:
RevokeBias
        Event
: 90.130
Executing VM
operation:
RevokeBias done
Event: 90.131
Executing VM
operation:
RevokeBias
        Event
: 90.131
Executing VM
operation:
RevokeBias done
Event: 90.150 Thread 0x000001e935b84800
Thread added
: 0x000001e935b84800


Dynamic libraries
:
0x00007ff6d3e40000 - 0x00007ff6d3e4a000    C:\
Program Files
\Android\
Android Studio
\jre\bin\java.exe
0x00007ffed7880000 - 0x00007ffed7a89000    C:\WINDOWS\SYSTEM32\ntdll.dll
0x00007ffed58a0000 - 0x00007ffed595d000    C:\WINDOWS\System32\KERNEL32.DLL
0x00007ffed5370000 - 0x00007ffed56e4000    C:\WINDOWS\System32\KERNELBASE.dll
0x00007ffed4ff0000 - 0x00007ffed5101000    C:\WINDOWS\System32\ucrtbase.dll
0x00007ffed1e90000 - 0x00007ffed1ea9000    C:\
Program Files
\Android\
Android Studio
\jre\bin\jli.dll
0x00007ffed11c0000 - 0x00007ffed11d7000    C:\
Program Files
\Android\
Android Studio
\jre\bin\VCRUNTIME140.dll
0x00007ffed6360000 - 0x00007ffed650c000    C:\WINDOWS\System32\USER32.dll
0x00007ffed4ea0000 - 0x00007ffed4ec6000    C:\WINDOWS\System32\win32u.dll
0x00007ffec5ac0000 - 0x00007ffec5d65000    C:\WINDOWS\WinSxS\amd64_microsoft.windows.common-controls_6595b64144ccf1df_6.0.22000.120_none_9d947278b86cc467\COMCTL32.dll
0x00007ffed5ac0000 - 0x00007ffed5b63000    C:\WINDOWS\System32\msvcrt.dll
0x00007ffed69e0000 - 0x00007ffed6a09000    C:\WINDOWS\System32\GDI32.dll
0x00007ffed4ed0000 - 0x00007ffed4fe2000    C:\WINDOWS\System32\gdi32full.dll
0x00007ffed4d40000 - 0x00007ffed4ddd000    C:\WINDOWS\System32\msvcp_win.dll
0x00007ffed5d20000 - 0x00007ffed5d51000    C:\WINDOWS\System32\IMM32.DLL
0x00007ffea9330000 - 0x00007ffea93cd000    C:\
Program Files
\Android\
Android Studio
\jre\bin\msvcp140.dll
0x00007ffe71c60000 - 0x00007ffe72735000    C:\
Program Files
\Android\
Android Studio
\jre\bin\server\jvm.dll
0x00007ffed5d60000 - 0x00007ffed5e0e000    C:\WINDOWS\System32\ADVAPI32.dll
0x00007ffed5b90000 - 0x00007ffed5c2e000    C:\WINDOWS\System32\sechost.dll
0x00007ffed6570000 - 0x00007ffed6690000    C:\WINDOWS\System32\RPCRT4.dll
0x00007ffed5cf0000 - 0x00007ffed5cf8000    C:\WINDOWS\System32\PSAPI.DLL
0x00007ffececb0000 - 0x00007ffececb9000    C:\WINDOWS\SYSTEM32\WSOCK32.dll
0x00007ffece870000 - 0x00007ffece8a3000    C:\WINDOWS\SYSTEM32\WINMM.dll
0x00007ffecd320000 - 0x00007ffecd32a000    C:\WINDOWS\SYSTEM32\VERSION.dll
0x00007ffed6770000 - 0x00007ffed67df000    C:\WINDOWS\System32\WS2_32.dll
0x00007ffed3f30000 - 0x00007ffed3f48000    C:\WINDOWS\SYSTEM32\kernel.appcore.dll
0x00007ffecec90000 - 0x00007ffececa1000    C:\
Program Files
\Android\
Android Studio
\jre\bin\verify.dll
0x00007ffed2a20000 - 0x00007ffed2c41000    C:\WINDOWS\SYSTEM32\DBGHELP.DLL
0x00007ffeb8e50000 - 0x00007ffeb8e81000    C:\WINDOWS\SYSTEM32\dbgcore.DLL
0x00007ffed52f0000 - 0x00007ffed536f000    C:\WINDOWS\System32\bcryptPrimitives.dll
0x00007ffecec60000 - 0x00007ffecec89000    C:\
Program Files
\Android\
Android Studio
\jre\bin\java.dll
0x00007ffecec50000 - 0x00007ffecec5b000    C:\
Program Files
\Android\
Android Studio
\jre\bin\jimage.dll
0x00007ffecec30000 - 0x00007ffecec48000    C:\
Program Files
\Android\
Android Studio
\jre\bin\zip.dll
0x00007ffed6f70000 - 0x00007ffed771e000    C:\WINDOWS\System32\SHELL32.dll
0x00007ffed2eb0000 - 0x00007ffed3718000    C:\WINDOWS\SYSTEM32\windows.storage.dll
0x00007ffed5e10000 - 0x00007ffed6188000    C:\WINDOWS\System32\combase.dll
0x00007ffed2c50000 - 0x00007ffed2db6000    C:\WINDOWS\SYSTEM32\wintypes.dll
0x00007ffed6a10000 - 0x00007ffed6afa000    C:\WINDOWS\System32\SHCORE.dll
0x00007ffed6510000 - 0x00007ffed656d000    C:\WINDOWS\System32\shlwapi.dll
0x00007ffed4c70000 - 0x00007ffed4c91000    C:\WINDOWS\SYSTEM32\profapi.dll
0x00007ffecec10000 - 0x00007ffecec2a000    C:\
Program Files
\Android\
Android Studio
\jre\bin\net.dll
0x00007ffece5f0000 - 0x00007ffece6fc000    C:\WINDOWS\SYSTEM32\WINHTTP.dll
0x00007ffed4360000 - 0x00007ffed43c7000    C:\WINDOWS\system32\mswsock.dll
0x00007ffecebf0000 - 0x00007ffecec04000    C:\
Program Files
\Android\
Android Studio
\jre\bin\nio.dll
0x00007ffe976d0000 - 0x00007ffe976f7000    C:\Users\Acer\.gradle\native\e1d6ef7f7dcc3fd88c89a11ec53ec762bb8ba0a96d01ffa2cd45eb1d1d8dd5c5\windows-amd64\native-platform.dll
0x00007ffe973a0000 - 0x00007ffe974e4000    C:\Users\Acer\.gradle\native\5664cfc778a61ccfe75a443a1ab52a65af34e5dc3c78e0209fed803814484fcb\windows-amd64\native-platform-file-events.dll
0x00007ffecebe0000 - 0x00007ffecebea000    C:\
Program Files
\Android\
Android Studio
\jre\bin\management.dll
0x00007ffecebd0000 - 0x00007ffecebdd000    C:\
Program Files
\Android\
Android Studio
\jre\bin\management_ext.dll
0x00007ffed45a0000 - 0x00007ffed45b8000    C:\WINDOWS\SYSTEM32\CRYPTSP.dll
0x00007ffed3e90000 - 0x00007ffed3ec5000    C:\WINDOWS\system32\rsaenh.dll
0x00007ffed4450000 - 0x00007ffed4479000    C:\WINDOWS\SYSTEM32\USERENV.dll
0x00007ffed4720000 - 0x00007ffed4747000    C:\WINDOWS\SYSTEM32\bcrypt.dll
0x00007ffed45c0000 - 0x00007ffed45cc000    C:\WINDOWS\SYSTEM32\CRYPTBASE.dll
0x00007ffed3a60000 - 0x00007ffed3a8d000    C:\WINDOWS\SYSTEM32\IPHLPAPI.DLL
0x00007ffed6350000 - 0x00007ffed6359000    C:\WINDOWS\System32\NSI.dll
0x00007ffece730000 - 0x00007ffece749000    C:\WINDOWS\SYSTEM32\dhcpcsvc6.DLL
0x00007ffece850000 - 0x00007ffece86e000    C:\WINDOWS\SYSTEM32\dhcpcsvc.DLL
0x00007ffed3ad0000 - 0x00007ffed3bb7000    C:\WINDOWS\SYSTEM32\DNSAPI.
dll

        dbghelp
:
loaded successfully
- version: 4.0.5 -
missing functions
:
none
        symbol
engine:
initialized successfully
-
sym options
: 0x614 -
pdb path
: .;C:\
Program Files
\Android\
Android Studio
\jre\
bin;
C:\WINDOWS\
SYSTEM32;
C:\WINDOWS\WinSxS\amd64_microsoft.windows.common-controls_6595b64144ccf1df_6.0.22000.120_none_9d947278b86cc467;C:\
Program Files
\Android\
Android Studio
\jre\bin\
server;
C:\Users\Acer\.gradle\native\e1d6ef7f7dcc3fd88c89a11ec53ec762bb8ba0a96d01ffa2cd45eb1d1d8dd5c5\windows-
amd64;
C:\Users\Acer\.gradle\native\5664cfc778a61ccfe75a443a1ab52a65af34e5dc3c78e0209fed803814484fcb\windows-
amd64

        VM
Arguments:
jvm_args: --add-
opens = java.base / java.util = ALL - UNNAMED--
add-
opens = java.base / java.lang = ALL - UNNAMED--
add-
opens = java.base / java.lang.invoke = ALL - UNNAMED--
add-
opens = java.base / java.util = ALL - UNNAMED--
add-
opens = java.prefs / java.util.prefs = ALL - UNNAMED--
add-
opens = java.prefs / java.util.prefs = ALL - UNNAMED--
add-
opens = java.base / java.nio.charset = ALL - UNNAMED--
add-
opens = java.base / java.net = ALL - UNNAMED--
add-
opens =
java.base / java.util.concurrent.atomic =
ALL - UNNAMED - Xmx2048m - Dfile.encoding =
UTF - 8 - Duser.country = RU - Duser.language = ru - Duser.variant
java_command: org.gradle.launcher.daemon.bootstrap.GradleDaemon 7.2
java_class_path (initial)
: C:\Users\Acer\.gradle\wrapper\dists\gradle-7.2-bin\2dnblmf4td7x66yl1d74lt32g\gradle-7.2\lib\gradle-launcher-7.2.jar
Launcher Type
: SUN_STANDARD

[
Global flags
]

intx CICompilerCount                          = 4 { product }

{
ergonomic}

uint ConcGCThreads                            = 2 { product }

{
ergonomic}

uint G1ConcRefinementThreads                  = 8 { product }

{
ergonomic}

size_t G1HeapRegionSize                         = 1048576 { product }

{
ergonomic}

uintx GCDrainStackTargetSize                   = 64 { product }

{
ergonomic}

size_t InitialHeapSize                          = 266338304 { product }

{
ergonomic}

size_t MarkStackSize                            = 4194304 { product }

{
ergonomic}

size_t MaxHeapSize                              = 2147483648 { product }

{
command line
}

size_t MaxNewSize                               = 1287651328 { product }

{
ergonomic}

size_t MinHeapDeltaBytes                        = 1048576 { product }

{
ergonomic}

uintx NonNMethodCodeHeapSize                   = 5836300 {
    pd
    product
}

{
ergonomic}

uintx NonProfiledCodeHeapSize                  = 122910970 {
    pd
    product
}

{
ergonomic}

uintx ProfiledCodeHeapSize                     = 122910970 {
    pd
    product
}

{
ergonomic}

uintx ReservedCodeCacheSize                    = 251658240 {
    pd
    product
}

{
ergonomic}

bool SegmentedCodeCache                       = true { product }

{
ergonomic}

bool UseCompressedClassPointers               = true { lp64_product }

{
ergonomic}

bool UseCompressedOops                        = true { lp64_product }

{
ergonomic}

bool UseG1GC                                  = true { product }

{
ergonomic}

bool UseLargePagesIndividualAllocation        = false {
    pd
    product
}

{
ergonomic}

Logging:
Log output
configuration:
#0:
stdout all = warning
uptime,level,tags
#1:
stderr all = off
uptime,level,
tags

        Environment
Variables:
PATH = C
:\
Program Files
\
Microsoft MPI
\Bin\;C:\
Program Files
\
Common Files
\Oracle\Java\
javapath;
C:\

Program Files(x86)

\
Common Files
\Oracle\Java\
javapath;
C:\Windows\
system32;
C:\
Windows;
C:\Windows\System32\
Wbem;
C:\Windows\System32\WindowsPowerShell\v1.0\;C:\Windows\System32\OpenSSH\;C:\

Program Files(x86)

\
NVIDIA Corporation
\PhysX\
Common;
C:\
Program Files
\
NVIDIA Corporation
\
NVIDIA NvDLISR;
C:\WINDOWS\
system32;
C:\
WINDOWS;
C:\WINDOWS\System32\
Wbem;
C:\WINDOWS\System32\WindowsPowerShell\v1.0\;C:\WINDOWS\System32\OpenSSH\;C:\
Program Files
\dotnet\;C:\

Program Files(x86)

\
Microsoft SQL
Server\150\Tools\Binn\;C:\
Program Files
\
Microsoft SQL
Server\150\Tools\Binn\;C:\

Program Files(x86)

\
Microsoft SQL
Server\150\DTS\Binn\;C:\
Program Files
\
Microsoft SQL
Server\150\DTS\Binn\;C:\
Program Files
\
Microsoft SQL
Server\
Client SDK
\ODBC\170\Tools\Binn\;C:\
Program Files
\
Azure Data
Studio\
bin;
C:\Users\Acer\AppData\Local\Microsoft\
WindowsApps;
C:\Users\Acer\AppData\Local\Android\Sdk\platform-
tools;
C:\
Program Files
\
Azure Data
Studio\
bin
        USERNAME = Acer
OS = Windows_NT
PROCESSOR_IDENTIFIER = Intel64
Family 6 Model 165 Stepping 2, GenuineIntel



---------------
S Y
S T
E M
---------------

OS: Windows 10 , 64
bit Build
22000 (10.0.22000.434)
OS uptime
: 0 days 0:54
hours

        CPU
:total 8 (
initial active
8) (4
cores per
cpu, 2
threads per
core) family 6 model 165 stepping 2 microcode 0xe0, cmov, cx8, fxsr, mmx, sse, sse2, sse3, ssse3, sse4.1, sse4.2, popcnt, avx, avx2, aes, clmul, erms, 3dnowpref, lzcnt, ht, tsc, tscinvbit, bmi1, bmi2, adx,
fma

        Memory
: 4k page, system-
wide physical
16215M (2432M free)
TotalPageFile size
16215M (
AvailPageFile size
5M)
current process
WorkingSet (physical
memory assigned
to process
): 555M, peak: 581M
current process
commit charge("private bytes")
: 605M, peak: 630M

vm_info: OpenJDK 64-
Bit Server
VM (11.0.11+9-b60-7590822) for windows-
amd64 JRE(11.0.11 + 9 - b60 - 7590822), built
on Jul
29 2021 21:43:44 by "builder"
with MS
VC++ 14.0 (VS2015)

END.
